{"logTime": "0816/062819", "correlationVector":"gHtFeOp2RdbHRWxI8FVOnI.1","action":"SyncServerConnectionManagerRequest", "result":"SYNC_SERVER_OK", "context":{"environment":"Prod_SoutheastAsia_000j", "migrationStage":"NotStarted", "server":"general0300002S"}}
{"logTime": "0816/062819", "correlationVector":"WsG/WA7Po9hZKmFOtcTOxZ","action":"SyncServerConnectionManagerRequest", "result":"SYNC_SERVER_OK", "context":{"environment":"", "migrationStage":"", "server":""}}
{"logTime": "0816/062819", "correlationVector":"gHtFeOp2RdbHRWxI8FVOnI","action":"Initial GetUpdates", "result":"", "context":Reason: NEW_CLIENT. cV=gHtFeOp2RdbHRWxI8FVOnI}
{"logTime": "0816/062819", "correlationVector":"gHtFeOp2RdbHRWxI8FVOnI.2","action":"GetUpdates Response", "result":"Success", "context":Received 1 update(s). cV=gHtFeOp2RdbHRWxI8FVOnI.0;server=general0300002S;cloudType=Consumer;environment=Prod_SoutheastAsia_000j;migrationStage=NotStarted}
{"logTime": "0816/062821", "correlationVector":"bFIhNc8BTNaC1zvVwMucsf","action":"Initial GetUpdates", "result":"", "context":Reason: NEW_CLIENT. cV=bFIhNc8BTNaC1zvVwMucsf}
{"logTime": "0816/062822", "correlationVector":"bFIhNc8BTNaC1zvVwMucsf.1","action":"SyncServerConnectionManagerRequest", "result":"SYNC_SERVER_OK", "context":{"environment":"Prod_SoutheastAsia_000j", "migrationStage":"NotStarted", "server":"general0300002X"}}
{"logTime": "0816/062822", "correlationVector":"bFIhNc8BTNaC1zvVwMucsf.2","action":"GetUpdates Response", "result":"Success", "context":Received 12 update(s). cV=bFIhNc8BTNaC1zvVwMucsf.0;server=general0300002X;cloudType=Consumer;environment=Prod_SoutheastAsia_000j;migrationStage=NotStarted}
{"logTime": "0816/062822", "correlationVector":"wUF3SOPcy7dnBbbRjurJNR","action":"Normal GetUpdate request", "result":"", "context":cV=wUF3SOPcy7dnBbbRjurJNR
Nudged types: Device Info, User Consents
Refresh requested types: Device Info, User Consents, Send Tab To Self, Encryption Keys}
{"logTime": "0816/062822", "correlationVector":"wUF3SOPcy7dnBbbRjurJNR.1","action":"SyncServerConnectionManagerRequest", "result":"SYNC_SERVER_OK", "context":{"environment":"Prod_SoutheastAsia_000j", "migrationStage":"NotStarted", "server":"general0100001L"}}
{"logTime": "0816/062822", "correlationVector":"wUF3SOPcy7dnBbbRjurJNR.2","action":"GetUpdates Response", "result":"Success", "context":Received 0 update(s). cV=wUF3SOPcy7dnBbbRjurJNR.0;server=general0100001L;cloudType=Consumer;environment=Prod_SoutheastAsia_000j;migrationStage=NotStarted}
{"logTime": "0816/062822", "correlationVector":"m8hJlzfjN1exlEBZ/HlbVx","action":"DoCompareDataConsistency requsted types: ", "result":"Send Tab To Self, Encryption Keys"}
{"logTime": "0816/062822", "correlationVector":"m8hJlzfjN1exlEBZ/HlbVx.0","action":"CompareDataConsistency result: ", "result":"Compare result: Encryption Keys is consistent. local entities count is: 1 local entities hash is: stY2fmIdw2fsgMX/1HkBxapFJZ4="}
{"logTime": "0816/062822", "correlationVector":"m8hJlzfjN1exlEBZ/HlbVx.1","action":"CompareDataConsistency result: ", "result":"Server did not send this Send Tab To Self local entities count is: 0 local entities hash is: "}
{"logTime": "0816/062822", "correlationVector":"BP3YIh/V6w4J2e1UIz8Nxm","action":"Commit Request", "result":"", "context":Item count: 2
Contributing types: Device Info, User Consents}
{"logTime": "0816/062823", "correlationVector":"BP3YIh/V6w4J2e1UIz8Nxm.1","action":"SyncServerConnectionManagerRequest", "result":"SYNC_SERVER_OK", "context":{"environment":"Prod_SoutheastAsia_000j", "migrationStage":"NotStarted", "server":"general0300000X"}}
{"logTime": "0816/062823", "correlationVector":"BP3YIh/V6w4J2e1UIz8Nxm.2","action":"Commit Response", "result":"Success", "context":Result: Success. cV=BP3YIh/V6w4J2e1UIz8Nxm.0;server=general0300000X;cloudType=Consumer;environment=Prod_SoutheastAsia_000j;migrationStage=NotStarted}
{"logTime": "0816/062823", "correlationVector":"","action":"DIAGNOSTIC_REQUEST|v1/diagnosticData/Diagnostic.SendCheckResult()|SUCCESS", "result":""}
{"logTime": "0816/062823", "correlationVector":"eP/7Ex/hepwjg3b9YQcnV8","action":"Normal GetUpdate request", "result":"", "context":cV=eP/7Ex/hepwjg3b9YQcnV8
Nudged types: Device Info}
{"logTime": "0816/062823", "correlationVector":"eP/7Ex/hepwjg3b9YQcnV8.1","action":"SyncServerConnectionManagerRequest", "result":"SYNC_SERVER_OK", "context":{"environment":"Prod_SoutheastAsia_000j", "migrationStage":"NotStarted", "server":"GENERAL01000013"}}
{"logTime": "0816/062823", "correlationVector":"eP/7Ex/hepwjg3b9YQcnV8.2","action":"GetUpdates Response", "result":"Success", "context":Received 1 update(s). cV=eP/7Ex/hepwjg3b9YQcnV8.0;server=GENERAL01000013;cloudType=Consumer;environment=Prod_SoutheastAsia_000j;migrationStage=NotStarted}
{"logTime": "0908/075910", "correlationVector":"iFfMIujXtM1/RRkvaVgte5.1","action":"SyncServerConnectionManagerRequest", "result":"SYNC_SERVER_OK", "context":{"environment":"Prod_SoutheastAsia_000j", "migrationStage":"NotStarted", "server":"GENERAL03000019"}}
{"logTime": "0908/075910", "correlationVector":"PYySR/1uKYDxxZai1Ck0Sw","action":"SyncServerConnectionManagerRequest", "result":"SYNC_SERVER_OK", "context":{"environment":"", "migrationStage":"", "server":""}}
{"logTime": "0908/075910", "correlationVector":"iFfMIujXtM1/RRkvaVgte5","action":"Initial GetUpdates", "result":"", "context":Reason: NEW_CLIENT. cV=iFfMIujXtM1/RRkvaVgte5}
{"logTime": "0908/075910", "correlationVector":"iFfMIujXtM1/RRkvaVgte5.2","action":"GetUpdates Response", "result":"Success", "context":Received 1 update(s). cV=iFfMIujXtM1/RRkvaVgte5.0;server=GENERAL03000019;cloudType=Consumer;environment=Prod_SoutheastAsia_000j;migrationStage=NotStarted}
{"logTime": "0908/075910", "correlationVector":"+grH+y9+oWvvXvZnkI7rOC","action":"Normal GetUpdate request", "result":"", "context":cV=+grH+y9+oWvvXvZnkI7rOC
Nudged types: Device Info
Refresh requested types: Device Info, User Consents, Send Tab To Self, Encryption Keys}
{"logTime": "0908/075910", "correlationVector":"+grH+y9+oWvvXvZnkI7rOC.1","action":"SyncServerConnectionManagerRequest", "result":"SYNC_SERVER_OK", "context":{"environment":"Prod_SoutheastAsia_000j", "migrationStage":"NotStarted", "server":"GENERAL0100000K"}}
{"logTime": "0908/075910", "correlationVector":"+grH+y9+oWvvXvZnkI7rOC.2","action":"GetUpdates Response", "result":"Success", "context":Received 1 update(s). cV=+grH+y9+oWvvXvZnkI7rOC.0;server=GENERAL0100000K;cloudType=Consumer;environment=Prod_SoutheastAsia_000j;migrationStage=NotStarted}
{"logTime": "0908/075910", "correlationVector":"eMMYhzK5EPBfffC36mMZy5","action":"DoCompareDataConsistency requsted types: ", "result":"Send Tab To Self, Encryption Keys"}
{"logTime": "0908/075910", "correlationVector":"eMMYhzK5EPBfffC36mMZy5.0","action":"CompareDataConsistency result: ", "result":"Compare result: Encryption Keys is consistent. local entities count is: 1 local entities hash is: stY2fmIdw2fsgMX/1HkBxapFJZ4="}
{"logTime": "0908/075910", "correlationVector":"eMMYhzK5EPBfffC36mMZy5.1","action":"CompareDataConsistency result: ", "result":"Server did not send this Send Tab To Self local entities count is: 0 local entities hash is: "}
{"logTime": "0908/075910", "correlationVector":"FdBw+SB2ev1K2YCpE/X8Fy","action":"Commit Request", "result":"", "context":Item count: 1
Contributing types: Device Info}
{"logTime": "0908/075911", "correlationVector":"FdBw+SB2ev1K2YCpE/X8Fy.1","action":"SyncServerConnectionManagerRequest", "result":"SYNC_SERVER_OK", "context":{"environment":"Prod_SoutheastAsia_000j", "migrationStage":"NotStarted", "server":"GENERAL0300001R"}}
{"logTime": "0908/075911", "correlationVector":"FdBw+SB2ev1K2YCpE/X8Fy.2","action":"Commit Response", "result":"Success", "context":Result: Success. cV=FdBw+SB2ev1K2YCpE/X8Fy.0;server=GENERAL0300001R;cloudType=Consumer;environment=Prod_SoutheastAsia_000j;migrationStage=NotStarted}
{"logTime": "0908/075911", "correlationVector":"","action":"DIAGNOSTIC_REQUEST|v1/diagnosticData/Diagnostic.SendCheckResult()|SUCCESS", "result":""}
{"logTime": "0908/075911", "correlationVector":"I3qoQ0t0vZKVdKIIT7Vs+o","action":"Normal GetUpdate request", "result":"", "context":cV=I3qoQ0t0vZKVdKIIT7Vs+o
Nudged types: Device Info}
{"logTime": "0908/075911", "correlationVector":"I3qoQ0t0vZKVdKIIT7Vs+o.1","action":"SyncServerConnectionManagerRequest", "result":"SYNC_SERVER_OK", "context":{"environment":"Prod_SoutheastAsia_000j", "migrationStage":"NotStarted", "server":"GENERAL01000004"}}
{"logTime": "0908/075911", "correlationVector":"I3qoQ0t0vZKVdKIIT7Vs+o.2","action":"GetUpdates Response", "result":"Success", "context":Received 1 update(s). cV=I3qoQ0t0vZKVdKIIT7Vs+o.0;server=GENERAL01000004;cloudType=Consumer;environment=Prod_SoutheastAsia_000j;migrationStage=NotStarted}
{"logTime": "0908/075911", "correlationVector":"c7H02MDH6Uovk/1FauGR73","action":"Poll GetUpdate request", "result":"", "context":cV=c7H02MDH6Uovk/1FauGR73}
{"logTime": "0908/075911", "correlationVector":"c7H02MDH6Uovk/1FauGR73.1","action":"SyncServerConnectionManagerRequest", "result":"SYNC_SERVER_OK", "context":{"environment":"Prod_SoutheastAsia_000j", "migrationStage":"NotStarted", "server":"GENERAL01000008"}}
{"logTime": "0908/075911", "correlationVector":"c7H02MDH6Uovk/1FauGR73.2","action":"GetUpdates Response", "result":"Success", "context":Received 0 update(s). cV=c7H02MDH6Uovk/1FauGR73.0;server=GENERAL01000008;cloudType=Consumer;environment=Prod_SoutheastAsia_000j;migrationStage=NotStarted}
{"logTime": "0908/075911", "correlationVector":"Gq9T4BQwRUMNkXpYXaZelY","action":"DoCompareDataConsistency requsted types: ", "result":"Send Tab To Self, Encryption Keys"}
{"logTime": "0908/075911", "correlationVector":"Gq9T4BQwRUMNkXpYXaZelY.0","action":"CompareDataConsistency result: ", "result":"Compare result: Encryption Keys is consistent. local entities count is: 1 local entities hash is: stY2fmIdw2fsgMX/1HkBxapFJZ4="}
{"logTime": "0908/075911", "correlationVector":"Gq9T4BQwRUMNkXpYXaZelY.1","action":"CompareDataConsistency result: ", "result":"Server did not send this Send Tab To Self local entities count is: 0 local entities hash is: "}
{"logTime": "0908/075911", "correlationVector":"","action":"DIAGNOSTIC_REQUEST|v1/diagnosticData/Diagnostic.SendCheckResult()|SUCCESS", "result":""}
{"logTime": "0908/080137", "correlationVector":"PEqDO0WNdjBT/EPqu+6Z11.1","action":"SyncServerConnectionManagerRequest", "result":"SYNC_SERVER_OK", "context":{"environment":"Prod_SoutheastAsia_000j", "migrationStage":"NotStarted", "server":"GENERAL01000006"}}
{"logTime": "0908/080138", "correlationVector":"batUH5/Jntbdr2bVMz1f/p","action":"SyncServerConnectionManagerRequest", "result":"SYNC_SERVER_OK", "context":{"environment":"", "migrationStage":"", "server":""}}
{"logTime": "0908/080138", "correlationVector":"PEqDO0WNdjBT/EPqu+6Z11","action":"Initial GetUpdates", "result":"", "context":Reason: NEW_CLIENT. cV=PEqDO0WNdjBT/EPqu+6Z11}
{"logTime": "0908/080138", "correlationVector":"PEqDO0WNdjBT/EPqu+6Z11.2","action":"GetUpdates Response", "result":"Success", "context":Received 1 update(s). cV=PEqDO0WNdjBT/EPqu+6Z11.0;server=GENERAL01000006;cloudType=Consumer;environment=Prod_SoutheastAsia_000j;migrationStage=NotStarted}
{"logTime": "0908/080138", "correlationVector":"OLCsEnalDJxgEdEtxykYVM","action":"Normal GetUpdate request", "result":"", "context":cV=OLCsEnalDJxgEdEtxykYVM
Refresh requested types: Device Info, User Consents, Send Tab To Self, Encryption Keys}
{"logTime": "0908/080138", "correlationVector":"OLCsEnalDJxgEdEtxykYVM.1","action":"SyncServerConnectionManagerRequest", "result":"SYNC_SERVER_OK", "context":{"environment":"Prod_SoutheastAsia_000j", "migrationStage":"NotStarted", "server":"GENERAL0100000Q"}}
{"logTime": "0908/080138", "correlationVector":"OLCsEnalDJxgEdEtxykYVM.2","action":"GetUpdates Response", "result":"Success", "context":Received 0 update(s). cV=OLCsEnalDJxgEdEtxykYVM.0;server=GENERAL0100000Q;cloudType=Consumer;environment=Prod_SoutheastAsia_000j;migrationStage=NotStarted}
{"logTime": "0908/080138", "correlationVector":"yqFYefEoFqDT0vz7YXNqIZ","action":"DoCompareDataConsistency requsted types: ", "result":"Send Tab To Self, Encryption Keys"}
{"logTime": "0908/080138", "correlationVector":"yqFYefEoFqDT0vz7YXNqIZ.0","action":"CompareDataConsistency result: ", "result":"Compare result: Encryption Keys is consistent. local entities count is: 1 local entities hash is: stY2fmIdw2fsgMX/1HkBxapFJZ4="}
{"logTime": "0908/080138", "correlationVector":"yqFYefEoFqDT0vz7YXNqIZ.1","action":"CompareDataConsistency result: ", "result":"Server did not send this Send Tab To Self local entities count is: 0 local entities hash is: "}
{"logTime": "0908/080138", "correlationVector":"","action":"DIAGNOSTIC_REQUEST|v1/diagnosticData/Diagnostic.SendCheckResult()|SUCCESS", "result":""}
{"logTime": "0908/083121", "correlationVector":"9jp/Mhi0PvDVnHn6q5wHQQ","action":"SyncServerConnectionManagerRequest", "result":"CONNECTION_UNAVAILABLE", "context":{"error_type":"net_error_code", "error_value":"-106"}}
{"logTime": "0908/083536", "correlationVector":"RhGJ5LMSlmFPtNrmCK+SDR","action":"SyncServerConnectionManagerRequest", "result":"CONNECTION_UNAVAILABLE", "context":{"error_type":"net_error_code", "error_value":"-106"}}
{"logTime": "0908/083651", "correlationVector":"CDky9ljyYW7RvhEWj067q1","action":"SyncServerConnectionManagerRequest", "result":"CONNECTION_UNAVAILABLE", "context":{"error_type":"net_error_code", "error_value":"-106"}}
{"logTime": "0908/084132", "correlationVector":"M9MJNhvcP/e5nVSm4QI2Tp","action":"SyncServerConnectionManagerRequest", "result":"CONNECTION_UNAVAILABLE", "context":{"error_type":"net_error_code", "error_value":"-106"}}
{"logTime": "0908/084247", "correlationVector":"Bbib6b4pSVPFVOiaTJB9xY","action":"SyncServerConnectionManagerRequest", "result":"CONNECTION_UNAVAILABLE", "context":{"error_type":"net_error_code", "error_value":"-106"}}
{"logTime": "0908/084440", "correlationVector":"RFJBN4al0GdmUWK1uk9Hcr","action":"SyncServerConnectionManagerRequest", "result":"CONNECTION_UNAVAILABLE", "context":{"error_type":"net_error_code", "error_value":"-106"}}
{"logTime": "0908/084729", "correlationVector":"sdSus2FXPawmA2h2gbSLXz","action":"SyncServerConnectionManagerRequest", "result":"CONNECTION_UNAVAILABLE", "context":{"error_type":"net_error_code", "error_value":"-106"}}
