#
# There is insufficient memory for the Java Runtime Environment to continue.
# Native memory allocation (malloc) failed to allocate 864816 bytes. Error detail: Chunk::new
# Possible reasons:
#   The system is out of physical RAM or swap space
#   This process is running with CompressedOops enabled, and the Java Heap may be blocking the growth of the native heap
# Possible solutions:
#   Reduce memory load on the system
#   Increase physical memory or swap space
#   Check if swap backing store is full
#   Decrease Java heap size (-Xmx/-Xms)
#   Decrease number of Java threads
#   Decrease Java thread stack sizes (-Xss)
#   Set larger code cache with -XX:ReservedCodeCacheSize=
#   JVM is running with Unscaled Compressed Oops mode in which the Java heap is
#     placed in the first 4GB address space. The Java Heap base address is the
#     maximum limit for the native heap growth. Please use -XX:HeapBaseMinAddress
#     to set the Java Heap base and to place the Java Heap above 4GB virtual address.
# This output file may be truncated or incomplete.
#
#  Out of Memory Error (arena.cpp:191), pid=11028, tid=9700
#
# JRE version: OpenJDK Runtime Environment Temurin-17.0.11+9 (17.0.11+9) (build 17.0.11+9)
# Java VM: OpenJDK 64-Bit Server VM Temurin-17.0.11+9 (17.0.11+9, mixed mode, tiered, compressed oops, compressed class ptrs, parallel gc, windows-amd64)
# No core dump will be written. Minidumps are not enabled by default on client versions of Windows
#

---------------  S U M M A R Y ------------

Command Line: --add-modules=ALL-SYSTEM --add-opens=java.base/java.util=ALL-UNNAMED --add-opens=java.base/java.lang=ALL-UNNAMED --add-opens=java.base/sun.nio.fs=ALL-UNNAMED -Declipse.application=org.eclipse.jdt.ls.core.id1 -Dosgi.bundles.defaultStartLevel=4 -Declipse.product=org.eclipse.jdt.ls.core.product -Djava.import.generatesMetadataFilesAtProjectRoot=false -DDetectVMInstallationsJob.disabled=true -Dfile.encoding=utf8 -XX:+UseParallelGC -XX:GCTimeRatio=4 -XX:AdaptiveSizePolicyWeight=90 -Dsun.zip.disableMemoryMapping=true -Xmx1G -Xms100m -Xlog:disable -javaagent:c:\Users\SAI\.vscode\extensions\redhat.java-1.31.0-win32-x64\lombok\lombok-1.18.32.jar -XX:+HeapDumpOnOutOfMemoryError -XX:HeapDumpPath=c:\Users\SAI\AppData\Roaming\Code\User\workspaceStorage\673616978a8685e9a5e4b105aeae607e\redhat.java -Daether.dependencyCollector.impl=bf c:\Users\SAI\.vscode\extensions\redhat.java-1.31.0-win32-x64\server\plugins\org.eclipse.equinox.launcher_1.6.800.v20240513-1750.jar -configuration c:\Users\SAI\AppData\Roaming\Code\User\globalStorage\redhat.java\1.31.0\config_win -data c:\Users\SAI\AppData\Roaming\Code\User\workspaceStorage\673616978a8685e9a5e4b105aeae607e\redhat.java\jdt_ws --pipe=\\.\pipe\lsp-1f7797bdcb52edbb6eee923ecacc8480-sock

Host: AMD Ryzen 5 5500U with Radeon Graphics         , 12 cores, 7G,  Windows 11 , 64 bit Build 22621 (10.0.22621.3958)
Time: Sun Sep  8 14:36:54 2024 India Standard Time elapsed time: 9.438299 seconds (0d 0h 0m 9s)

---------------  T H R E A D  ---------------

Current thread (0x000001c9c23e66f0):  JavaThread "C2 CompilerThread0" daemon [_thread_in_native, id=9700, stack(0x0000008edf000000,0x0000008edf100000)]


Current CompileTask:
C2:   9438 3610       4       org.lombokweb.asm.ClassReader::readMethod (1066 bytes)

Stack: [0x0000008edf000000,0x0000008edf100000]
Native frames: (J=compiled Java code, j=interpreted, Vv=VM code, C=native code)
V  [jvm.dll+0x67d429]
V  [jvm.dll+0x834b7a]
V  [jvm.dll+0x83663e]
V  [jvm.dll+0x836ca3]
V  [jvm.dll+0x247dbf]
V  [jvm.dll+0xac534]
V  [jvm.dll+0xacb7c]
V  [jvm.dll+0x2af2cf]
V  [jvm.dll+0x5848b7]
V  [jvm.dll+0x222d82]
V  [jvm.dll+0x22317f]
V  [jvm.dll+0x21c2a0]
V  [jvm.dll+0x2197a1]
V  [jvm.dll+0x1a534d]
V  [jvm.dll+0x2295cd]
V  [jvm.dll+0x22779c]
V  [jvm.dll+0x7e9d07]
V  [jvm.dll+0x7e410a]
V  [jvm.dll+0x67c315]
C  [ucrtbase.dll+0x29333]
C  [KERNEL32.DLL+0x1257d]
C  [ntdll.dll+0x5af28]


---------------  P R O C E S S  ---------------

Threads class SMR info:
_java_thread_list=0x000001c9c455b620, length=21, elements={
0x000001c9a94b20d0, 0x000001c9bd331020, 0x000001c9bd332290, 0x000001c9c23d5020,
0x000001c9c23d6900, 0x000001c9c23db2e0, 0x000001c9c23dbdb0, 0x000001c9c23e66f0,
0x000001c9c23f28a0, 0x000001c9c2436100, 0x000001c9c254c7e0, 0x000001c9c3b74940,
0x000001c9c432b860, 0x000001c9c47e8010, 0x000001c9c44d65c0, 0x000001c9c45402c0,
0x000001c9c4c974b0, 0x000001c9c4770960, 0x000001c9c47dd130, 0x000001c9c47da3a0,
0x000001c9c47d9e90
}

Java Threads: ( => current thread )
  0x000001c9a94b20d0 JavaThread "main" [_thread_blocked, id=13468, stack(0x0000008ede700000,0x0000008ede800000)]
  0x000001c9bd331020 JavaThread "Reference Handler" daemon [_thread_blocked, id=9992, stack(0x0000008edea00000,0x0000008edeb00000)]
  0x000001c9bd332290 JavaThread "Finalizer" daemon [_thread_blocked, id=8780, stack(0x0000008edeb00000,0x0000008edec00000)]
  0x000001c9c23d5020 JavaThread "Signal Dispatcher" daemon [_thread_blocked, id=9880, stack(0x0000008edec00000,0x0000008eded00000)]
  0x000001c9c23d6900 JavaThread "Attach Listener" daemon [_thread_blocked, id=16464, stack(0x0000008eded00000,0x0000008edee00000)]
  0x000001c9c23db2e0 JavaThread "Service Thread" daemon [_thread_blocked, id=10272, stack(0x0000008edee00000,0x0000008edef00000)]
  0x000001c9c23dbdb0 JavaThread "Monitor Deflation Thread" daemon [_thread_blocked, id=4680, stack(0x0000008edef00000,0x0000008edf000000)]
=>0x000001c9c23e66f0 JavaThread "C2 CompilerThread0" daemon [_thread_in_native, id=9700, stack(0x0000008edf000000,0x0000008edf100000)]
  0x000001c9c23f28a0 JavaThread "C1 CompilerThread0" daemon [_thread_in_native, id=9012, stack(0x0000008edf100000,0x0000008edf200000)]
  0x000001c9c2436100 JavaThread "Sweeper thread" daemon [_thread_blocked, id=4400, stack(0x0000008edf200000,0x0000008edf300000)]
  0x000001c9c254c7e0 JavaThread "Common-Cleaner" daemon [_thread_blocked, id=9268, stack(0x0000008edf300000,0x0000008edf400000)]
  0x000001c9c3b74940 JavaThread "Notification Thread" daemon [_thread_blocked, id=15320, stack(0x0000008edf500000,0x0000008edf600000)]
  0x000001c9c432b860 JavaThread "Active Thread: Equinox Container: 23b6513a-5eef-4a0b-913f-e31b1acf1b9d" [_thread_blocked, id=6340, stack(0x0000008edfd00000,0x0000008edfe00000)]
  0x000001c9c47e8010 JavaThread "Framework Event Dispatcher: Equinox Container: 23b6513a-5eef-4a0b-913f-e31b1acf1b9d" daemon [_thread_blocked, id=10544, stack(0x0000008edfe00000,0x0000008edff00000)]
  0x000001c9c44d65c0 JavaThread "Start Level: Equinox Container: 23b6513a-5eef-4a0b-913f-e31b1acf1b9d" daemon [_thread_in_Java, id=13108, stack(0x0000008edff00000,0x0000008ee0000000)]
  0x000001c9c45402c0 JavaThread "Bundle File Closer" daemon [_thread_blocked, id=15244, stack(0x0000008ee0100000,0x0000008ee0200000)]
  0x000001c9c4c974b0 JavaThread "SCR Component Actor" daemon [_thread_blocked, id=14400, stack(0x0000008edfc00000,0x0000008edfd00000)]
  0x000001c9c4770960 JavaThread "SCR Component Registry" daemon [_thread_blocked, id=11724, stack(0x0000008ee0300000,0x0000008ee0400000)]
  0x000001c9c47dd130 JavaThread "Worker-JM" [_thread_blocked, id=11480, stack(0x0000008ee0500000,0x0000008ee0600000)]
  0x000001c9c47da3a0 JavaThread "Worker-0" [_thread_blocked, id=10076, stack(0x0000008ee0600000,0x0000008ee0700000)]
  0x000001c9c47d9e90 JavaThread "Worker-1" [_thread_blocked, id=8644, stack(0x0000008ee0700000,0x0000008ee0800000)]

Other Threads:
  0x000001c9c23b4870 VMThread "VM Thread" [stack: 0x0000008ede900000,0x0000008edea00000] [id=7572]
  0x000001c9c3b76e80 WatcherThread [stack: 0x0000008edf600000,0x0000008edf700000] [id=16972]
  0x000001c9a94c6770 GCTaskThread "GC Thread#0" [stack: 0x0000008ede800000,0x0000008ede900000] [id=4548]
  0x000001c9c40dd880 GCTaskThread "GC Thread#1" [stack: 0x0000008edf400000,0x0000008edf500000] [id=8112]
  0x000001c9c40e2a50 GCTaskThread "GC Thread#2" [stack: 0x0000008edf700000,0x0000008edf800000] [id=588]
  0x000001c9c401c240 GCTaskThread "GC Thread#3" [stack: 0x0000008edf800000,0x0000008edf900000] [id=13928]
  0x000001c9c401c500 GCTaskThread "GC Thread#4" [stack: 0x0000008edf900000,0x0000008edfa00000] [id=16944]
  0x000001c9c44248c0 GCTaskThread "GC Thread#5" [stack: 0x0000008edfa00000,0x0000008edfb00000] [id=7660]
  0x000001c9c4424b80 GCTaskThread "GC Thread#6" [stack: 0x0000008edfb00000,0x0000008edfc00000] [id=3844]
  0x000001c9c49646e0 GCTaskThread "GC Thread#7" [stack: 0x0000008ee0000000,0x0000008ee0100000] [id=16608]
  0x000001c9c49eaec0 GCTaskThread "GC Thread#8" [stack: 0x0000008ee0200000,0x0000008ee0300000] [id=13736]
  0x000001c9c469aa70 GCTaskThread "GC Thread#9" [stack: 0x0000008ee0400000,0x0000008ee0500000] [id=15356]

Threads with active compile tasks:
C2 CompilerThread0     9468 3610       4       org.lombokweb.asm.ClassReader::readMethod (1066 bytes)
C1 CompilerThread0     9468 3649       3       java.net.URLStreamHandler::parseURL (1201 bytes)

VM state: not at safepoint (normal execution)

VM Mutex/Monitor currently owned by a thread: None

Heap address: 0x00000000c0000000, size: 1024 MB, Compressed Oops mode: 32-bit

CDS archive(s) not mapped
Compressed class space mapped at: 0x0000000100000000-0x0000000140000000, reserved size: 1073741824
Narrow klass base: 0x0000000000000000, Narrow klass shift: 3, Narrow klass range: 0x140000000

GC Precious Log:
 CPUs: 12 total, 12 available
 Memory: 7502M
 Large Page Support: Disabled
 NUMA Support: Disabled
 Compressed Oops: Enabled (32-bit)
 Alignments: Space 512K, Generation 512K, Heap 2M
 Heap Min Capacity: 100M
 Heap Initial Capacity: 100M
 Heap Max Capacity: 1G
 Pre-touch: Disabled
 Parallel Workers: 10

Heap:
 PSYoungGen      total 26624K, used 9690K [0x00000000eab00000, 0x00000000ecc00000, 0x0000000100000000)
  eden space 23552K, 28% used [0x00000000eab00000,0x00000000eb179588,0x00000000ec200000)
  from space 3072K, 99% used [0x00000000ec400000,0x00000000ec6fd568,0x00000000ec700000)
  to   space 5120K, 0% used [0x00000000ec700000,0x00000000ec700000,0x00000000ecc00000)
 ParOldGen       total 68608K, used 12517K [0x00000000c0000000, 0x00000000c4300000, 0x00000000eab00000)
  object space 68608K, 18% used [0x00000000c0000000,0x00000000c0c395f8,0x00000000c4300000)
 Metaspace       used 32418K, committed 33024K, reserved 1114112K
  class space    used 3148K, committed 3392K, reserved 1048576K

Card table byte_map: [0x000001c9a8e70000,0x000001c9a9080000] _byte_map_base: 0x000001c9a8870000

Marking Bits: (ParMarkBitMap*) 0x00007ffd5a64d820
 Begin Bits: [0x000001c9bb140000, 0x000001c9bc140000)
 End Bits:   [0x000001c9bc140000, 0x000001c9bd140000)

Polling page: 0x000001c9a8c60000

Metaspace:

Usage:
  Non-class:     28.58 MB used.
      Class:      3.07 MB used.
       Both:     31.66 MB used.

Virtual space:
  Non-class space:       64.00 MB reserved,      28.94 MB ( 45%) committed,  1 nodes.
      Class space:        1.00 GB reserved,       3.31 MB ( <1%) committed,  1 nodes.
             Both:        1.06 GB reserved,      32.25 MB (  3%) committed. 

Chunk freelists:
   Non-Class:  2.47 MB
       Class:  12.70 MB
        Both:  15.16 MB

MaxMetaspaceSize: unlimited
CompressedClassSpaceSize: 1.00 GB
Initial GC threshold: 21.00 MB
Current GC threshold: 35.00 MB
CDS: off
MetaspaceReclaimPolicy: balanced
 - commit_granule_bytes: 65536.
 - commit_granule_words: 8192.
 - virtual_space_node_default_size: 8388608.
 - enlarge_chunks_in_place: 1.
 - new_chunks_are_fully_committed: 0.
 - uncommit_free_chunks: 1.
 - use_allocation_guard: 0.
 - handle_deallocations: 1.


Internal statistics:

num_allocs_failed_limit: 3.
num_arena_births: 348.
num_arena_deaths: 0.
num_vsnodes_births: 2.
num_vsnodes_deaths: 0.
num_space_committed: 516.
num_space_uncommitted: 0.
num_chunks_returned_to_freelist: 3.
num_chunks_taken_from_freelist: 1292.
num_chunk_merges: 0.
num_chunk_splits: 860.
num_chunks_enlarged: 616.
num_inconsistent_stats: 0.

CodeHeap 'non-profiled nmethods': size=120000Kb used=1547Kb max_used=1547Kb free=118453Kb
 bounds [0x000001c9b3c10000, 0x000001c9b3e80000, 0x000001c9bb140000]
CodeHeap 'profiled nmethods': size=120000Kb used=7666Kb max_used=7666Kb free=112333Kb
 bounds [0x000001c9ac140000, 0x000001c9ac8c0000, 0x000001c9b3670000]
CodeHeap 'non-nmethods': size=5760Kb used=1249Kb max_used=1259Kb free=4510Kb
 bounds [0x000001c9b3670000, 0x000001c9b38e0000, 0x000001c9b3c10000]
 total_blobs=4205 nmethods=3638 adapters=480
 compilation: enabled
              stopped_count=0, restarted_count=0
 full_count=0

Compilation events (20 events):
Event: 9.331 Thread 0x000001c9c23f28a0 3631       3       org.eclipse.core.internal.preferences.RootPreferences::getNode (161 bytes)
Event: 9.334 Thread 0x000001c9c23f28a0 nmethod 3631 0x000001c9ac8b7790 code [0x000001c9ac8b7b20, 0x000001c9ac8b91c8]
Event: 9.334 Thread 0x000001c9c23f28a0 3633  s    3       org.eclipse.core.internal.preferences.RootPreferences::getChild (60 bytes)
Event: 9.335 Thread 0x000001c9c23f28a0 nmethod 3633 0x000001c9ac8b9990 code [0x000001c9ac8b9bc0, 0x000001c9ac8ba4b8]
Event: 9.335 Thread 0x000001c9c23f28a0 3626       3       org.eclipse.core.internal.preferences.DefaultPreferences::getScopeRelativePath (43 bytes)
Event: 9.336 Thread 0x000001c9c23f28a0 nmethod 3626 0x000001c9ac8ba690 code [0x000001c9ac8ba8c0, 0x000001c9ac8bb048]
Event: 9.336 Thread 0x000001c9c23f28a0 3635       3       org.eclipse.core.internal.preferences.DefaultPreferences::internalPut (66 bytes)
Event: 9.338 Thread 0x000001c9c23f28a0 nmethod 3635 0x000001c9ac8bb310 code [0x000001c9ac8bb560, 0x000001c9ac8bbf58]
Event: 9.338 Thread 0x000001c9c23f28a0 3636       1       org.eclipse.core.internal.registry.ExtensionRegistry::getObjectManager (5 bytes)
Event: 9.338 Thread 0x000001c9c23f28a0 nmethod 3636 0x000001c9b3d91a10 code [0x000001c9b3d91ba0, 0x000001c9b3d91c78]
Event: 9.397 Thread 0x000001c9c23f28a0 3638       1       java.net.URI::getRawFragment (5 bytes)
Event: 9.397 Thread 0x000001c9c23f28a0 nmethod 3638 0x000001c9b3d91d10 code [0x000001c9b3d91ea0, 0x000001c9b3d91f78]
Event: 9.397 Thread 0x000001c9c23f28a0 3639       1       java.net.URI::getRawQuery (5 bytes)
Event: 9.397 Thread 0x000001c9c23f28a0 nmethod 3639 0x000001c9b3d92010 code [0x000001c9b3d921a0, 0x000001c9b3d92278]
Event: 9.416 Thread 0x000001c9c23f28a0 3641       3       java.net.URL::<init> (7 bytes)
Event: 9.417 Thread 0x000001c9c23f28a0 nmethod 3641 0x000001c9ac8bc310 code [0x000001c9ac8bc4c0, 0x000001c9ac8bc668]
Event: 9.419 Thread 0x000001c9c23f28a0 3642       1       java.net.URI::getRawPath (5 bytes)
Event: 9.419 Thread 0x000001c9c23f28a0 nmethod 3642 0x000001c9b3d92310 code [0x000001c9b3d924a0, 0x000001c9b3d92578]
Event: 9.419 Thread 0x000001c9c23f28a0 3643       1       java.net.URI::getPort (5 bytes)
Event: 9.419 Thread 0x000001c9c23f28a0 nmethod 3643 0x000001c9b3d92610 code [0x000001c9b3d927a0, 0x000001c9b3d92878]

GC Heap History (20 events):
Event: 1.829 GC heap before
{Heap before GC invocations=1 (full 0):
 PSYoungGen      total 29696K, used 25600K [0x00000000eab00000, 0x00000000ecc00000, 0x0000000100000000)
  eden space 25600K, 100% used [0x00000000eab00000,0x00000000ec400000,0x00000000ec400000)
  from space 4096K, 0% used [0x00000000ec800000,0x00000000ec800000,0x00000000ecc00000)
  to   space 4096K, 0% used [0x00000000ec400000,0x00000000ec400000,0x00000000ec800000)
 ParOldGen       total 68608K, used 0K [0x00000000c0000000, 0x00000000c4300000, 0x00000000eab00000)
  object space 68608K, 0% used [0x00000000c0000000,0x00000000c0000000,0x00000000c4300000)
 Metaspace       used 11011K, committed 11200K, reserved 1114112K
  class space    used 1100K, committed 1216K, reserved 1048576K
}
Event: 1.839 GC heap after
{Heap after GC invocations=1 (full 0):
 PSYoungGen      total 29696K, used 3156K [0x00000000eab00000, 0x00000000ecc00000, 0x0000000100000000)
  eden space 25600K, 0% used [0x00000000eab00000,0x00000000eab00000,0x00000000ec400000)
  from space 4096K, 77% used [0x00000000ec400000,0x00000000ec715268,0x00000000ec800000)
  to   space 4096K, 0% used [0x00000000ec800000,0x00000000ec800000,0x00000000ecc00000)
 ParOldGen       total 68608K, used 16K [0x00000000c0000000, 0x00000000c4300000, 0x00000000eab00000)
  object space 68608K, 0% used [0x00000000c0000000,0x00000000c0004000,0x00000000c4300000)
 Metaspace       used 11011K, committed 11200K, reserved 1114112K
  class space    used 1100K, committed 1216K, reserved 1048576K
}
Event: 3.038 GC heap before
{Heap before GC invocations=2 (full 0):
 PSYoungGen      total 29696K, used 28756K [0x00000000eab00000, 0x00000000ecc00000, 0x0000000100000000)
  eden space 25600K, 100% used [0x00000000eab00000,0x00000000ec400000,0x00000000ec400000)
  from space 4096K, 77% used [0x00000000ec400000,0x00000000ec715268,0x00000000ec800000)
  to   space 4096K, 0% used [0x00000000ec800000,0x00000000ec800000,0x00000000ecc00000)
 ParOldGen       total 68608K, used 16K [0x00000000c0000000, 0x00000000c4300000, 0x00000000eab00000)
  object space 68608K, 0% used [0x00000000c0000000,0x00000000c0004000,0x00000000c4300000)
 Metaspace       used 14629K, committed 14912K, reserved 1114112K
  class space    used 1466K, committed 1600K, reserved 1048576K
}
Event: 3.048 GC heap after
{Heap after GC invocations=2 (full 0):
 PSYoungGen      total 29696K, used 4083K [0x00000000eab00000, 0x00000000ecc00000, 0x0000000100000000)
  eden space 25600K, 0% used [0x00000000eab00000,0x00000000eab00000,0x00000000ec400000)
  from space 4096K, 99% used [0x00000000ec800000,0x00000000ecbfcdc8,0x00000000ecc00000)
  to   space 4096K, 0% used [0x00000000ec400000,0x00000000ec400000,0x00000000ec800000)
 ParOldGen       total 68608K, used 1558K [0x00000000c0000000, 0x00000000c4300000, 0x00000000eab00000)
  object space 68608K, 2% used [0x00000000c0000000,0x00000000c01858a0,0x00000000c4300000)
 Metaspace       used 14629K, committed 14912K, reserved 1114112K
  class space    used 1466K, committed 1600K, reserved 1048576K
}
Event: 4.423 GC heap before
{Heap before GC invocations=3 (full 0):
 PSYoungGen      total 29696K, used 29683K [0x00000000eab00000, 0x00000000ecc00000, 0x0000000100000000)
  eden space 25600K, 100% used [0x00000000eab00000,0x00000000ec400000,0x00000000ec400000)
  from space 4096K, 99% used [0x00000000ec800000,0x00000000ecbfcdc8,0x00000000ecc00000)
  to   space 4096K, 0% used [0x00000000ec400000,0x00000000ec400000,0x00000000ec800000)
 ParOldGen       total 68608K, used 1558K [0x00000000c0000000, 0x00000000c4300000, 0x00000000eab00000)
  object space 68608K, 2% used [0x00000000c0000000,0x00000000c01858a0,0x00000000c4300000)
 Metaspace       used 16067K, committed 16320K, reserved 1114112K
  class space    used 1613K, committed 1728K, reserved 1048576K
}
Event: 4.435 GC heap after
{Heap after GC invocations=3 (full 0):
 PSYoungGen      total 29696K, used 4070K [0x00000000eab00000, 0x00000000ecc00000, 0x0000000100000000)
  eden space 25600K, 0% used [0x00000000eab00000,0x00000000eab00000,0x00000000ec400000)
  from space 4096K, 99% used [0x00000000ec400000,0x00000000ec7f9868,0x00000000ec800000)
  to   space 4096K, 0% used [0x00000000ec800000,0x00000000ec800000,0x00000000ecc00000)
 ParOldGen       total 68608K, used 5352K [0x00000000c0000000, 0x00000000c4300000, 0x00000000eab00000)
  object space 68608K, 7% used [0x00000000c0000000,0x00000000c053a328,0x00000000c4300000)
 Metaspace       used 16067K, committed 16320K, reserved 1114112K
  class space    used 1613K, committed 1728K, reserved 1048576K
}
Event: 6.081 GC heap before
{Heap before GC invocations=4 (full 0):
 PSYoungGen      total 29696K, used 29670K [0x00000000eab00000, 0x00000000ecc00000, 0x0000000100000000)
  eden space 25600K, 100% used [0x00000000eab00000,0x00000000ec400000,0x00000000ec400000)
  from space 4096K, 99% used [0x00000000ec400000,0x00000000ec7f9868,0x00000000ec800000)
  to   space 4096K, 0% used [0x00000000ec800000,0x00000000ec800000,0x00000000ecc00000)
 ParOldGen       total 68608K, used 5352K [0x00000000c0000000, 0x00000000c4300000, 0x00000000eab00000)
  object space 68608K, 7% used [0x00000000c0000000,0x00000000c053a328,0x00000000c4300000)
 Metaspace       used 19516K, committed 19840K, reserved 1114112K
  class space    used 1974K, committed 2112K, reserved 1048576K
}
Event: 6.090 GC heap after
{Heap after GC invocations=4 (full 0):
 PSYoungGen      total 29696K, used 4065K [0x00000000eab00000, 0x00000000ecc00000, 0x0000000100000000)
  eden space 25600K, 0% used [0x00000000eab00000,0x00000000eab00000,0x00000000ec400000)
  from space 4096K, 99% used [0x00000000ec800000,0x00000000ecbf8438,0x00000000ecc00000)
  to   space 4096K, 0% used [0x00000000ec400000,0x00000000ec400000,0x00000000ec800000)
 ParOldGen       total 68608K, used 6503K [0x00000000c0000000, 0x00000000c4300000, 0x00000000eab00000)
  object space 68608K, 9% used [0x00000000c0000000,0x00000000c0659ee8,0x00000000c4300000)
 Metaspace       used 19516K, committed 19840K, reserved 1114112K
  class space    used 1974K, committed 2112K, reserved 1048576K
}
Event: 6.466 GC heap before
{Heap before GC invocations=5 (full 0):
 PSYoungGen      total 29696K, used 12670K [0x00000000eab00000, 0x00000000ecc00000, 0x0000000100000000)
  eden space 25600K, 33% used [0x00000000eab00000,0x00000000eb367628,0x00000000ec400000)
  from space 4096K, 99% used [0x00000000ec800000,0x00000000ecbf8438,0x00000000ecc00000)
  to   space 4096K, 0% used [0x00000000ec400000,0x00000000ec400000,0x00000000ec800000)
 ParOldGen       total 68608K, used 6503K [0x00000000c0000000, 0x00000000c4300000, 0x00000000eab00000)
  object space 68608K, 9% used [0x00000000c0000000,0x00000000c0659ee8,0x00000000c4300000)
 Metaspace       used 21115K, committed 21504K, reserved 1114112K
  class space    used 2125K, committed 2304K, reserved 1048576K
}
Event: 6.471 GC heap after
{Heap after GC invocations=5 (full 0):
 PSYoungGen      total 29696K, used 4086K [0x00000000eab00000, 0x00000000ece00000, 0x0000000100000000)
  eden space 25600K, 0% used [0x00000000eab00000,0x00000000eab00000,0x00000000ec400000)
  from space 4096K, 99% used [0x00000000ec400000,0x00000000ec7fd988,0x00000000ec800000)
  to   space 5120K, 0% used [0x00000000ec900000,0x00000000ec900000,0x00000000ece00000)
 ParOldGen       total 68608K, used 6916K [0x00000000c0000000, 0x00000000c4300000, 0x00000000eab00000)
  object space 68608K, 10% used [0x00000000c0000000,0x00000000c06c1328,0x00000000c4300000)
 Metaspace       used 21115K, committed 21504K, reserved 1114112K
  class space    used 2125K, committed 2304K, reserved 1048576K
}
Event: 6.471 GC heap before
{Heap before GC invocations=6 (full 1):
 PSYoungGen      total 29696K, used 4086K [0x00000000eab00000, 0x00000000ece00000, 0x0000000100000000)
  eden space 25600K, 0% used [0x00000000eab00000,0x00000000eab00000,0x00000000ec400000)
  from space 4096K, 99% used [0x00000000ec400000,0x00000000ec7fd988,0x00000000ec800000)
  to   space 5120K, 0% used [0x00000000ec900000,0x00000000ec900000,0x00000000ece00000)
 ParOldGen       total 68608K, used 6916K [0x00000000c0000000, 0x00000000c4300000, 0x00000000eab00000)
  object space 68608K, 10% used [0x00000000c0000000,0x00000000c06c1328,0x00000000c4300000)
 Metaspace       used 21115K, committed 21504K, reserved 1114112K
  class space    used 2125K, committed 2304K, reserved 1048576K
}
Event: 6.503 GC heap after
{Heap after GC invocations=6 (full 1):
 PSYoungGen      total 29696K, used 0K [0x00000000eab00000, 0x00000000ece00000, 0x0000000100000000)
  eden space 25600K, 0% used [0x00000000eab00000,0x00000000eab00000,0x00000000ec400000)
  from space 4096K, 0% used [0x00000000ec400000,0x00000000ec400000,0x00000000ec800000)
  to   space 5120K, 0% used [0x00000000ec900000,0x00000000ec900000,0x00000000ece00000)
 ParOldGen       total 68608K, used 10712K [0x00000000c0000000, 0x00000000c4300000, 0x00000000eab00000)
  object space 68608K, 15% used [0x00000000c0000000,0x00000000c0a761f0,0x00000000c4300000)
 Metaspace       used 21115K, committed 21504K, reserved 1114112K
  class space    used 2125K, committed 2304K, reserved 1048576K
}
Event: 7.672 GC heap before
{Heap before GC invocations=7 (full 1):
 PSYoungGen      total 29696K, used 25600K [0x00000000eab00000, 0x00000000ece00000, 0x0000000100000000)
  eden space 25600K, 100% used [0x00000000eab00000,0x00000000ec400000,0x00000000ec400000)
  from space 4096K, 0% used [0x00000000ec400000,0x00000000ec400000,0x00000000ec800000)
  to   space 5120K, 0% used [0x00000000ec900000,0x00000000ec900000,0x00000000ece00000)
 ParOldGen       total 68608K, used 10712K [0x00000000c0000000, 0x00000000c4300000, 0x00000000eab00000)
  object space 68608K, 15% used [0x00000000c0000000,0x00000000c0a761f0,0x00000000c4300000)
 Metaspace       used 24377K, committed 24896K, reserved 1114112K
  class space    used 2472K, committed 2688K, reserved 1048576K
}
Event: 7.676 GC heap after
{Heap after GC invocations=7 (full 1):
 PSYoungGen      total 26112K, used 848K [0x00000000eab00000, 0x00000000eca00000, 0x0000000100000000)
  eden space 25088K, 0% used [0x00000000eab00000,0x00000000eab00000,0x00000000ec380000)
  from space 1024K, 82% used [0x00000000ec900000,0x00000000ec9d4290,0x00000000eca00000)
  to   space 2560K, 0% used [0x00000000ec500000,0x00000000ec500000,0x00000000ec780000)
 ParOldGen       total 68608K, used 10720K [0x00000000c0000000, 0x00000000c4300000, 0x00000000eab00000)
  object space 68608K, 15% used [0x00000000c0000000,0x00000000c0a781f0,0x00000000c4300000)
 Metaspace       used 24377K, committed 24896K, reserved 1114112K
  class space    used 2472K, committed 2688K, reserved 1048576K
}
Event: 8.661 GC heap before
{Heap before GC invocations=8 (full 1):
 PSYoungGen      total 26112K, used 25900K [0x00000000eab00000, 0x00000000eca00000, 0x0000000100000000)
  eden space 25088K, 99% used [0x00000000eab00000,0x00000000ec376f28,0x00000000ec380000)
  from space 1024K, 82% used [0x00000000ec900000,0x00000000ec9d4290,0x00000000eca00000)
  to   space 2560K, 0% used [0x00000000ec500000,0x00000000ec500000,0x00000000ec780000)
 ParOldGen       total 68608K, used 10720K [0x00000000c0000000, 0x00000000c4300000, 0x00000000eab00000)
  object space 68608K, 15% used [0x00000000c0000000,0x00000000c0a781f0,0x00000000c4300000)
 Metaspace       used 27324K, committed 27904K, reserved 1114112K
  class space    used 2794K, committed 3008K, reserved 1048576K
}
Event: 8.663 GC heap after
{Heap after GC invocations=8 (full 1):
 PSYoungGen      total 27136K, used 2528K [0x00000000eab00000, 0x00000000eca00000, 0x0000000100000000)
  eden space 24576K, 0% used [0x00000000eab00000,0x00000000eab00000,0x00000000ec300000)
  from space 2560K, 98% used [0x00000000ec500000,0x00000000ec7782e8,0x00000000ec780000)
  to   space 2560K, 0% used [0x00000000ec780000,0x00000000ec780000,0x00000000eca00000)
 ParOldGen       total 68608K, used 11224K [0x00000000c0000000, 0x00000000c4300000, 0x00000000eab00000)
  object space 68608K, 16% used [0x00000000c0000000,0x00000000c0af61f0,0x00000000c4300000)
 Metaspace       used 27324K, committed 27904K, reserved 1114112K
  class space    used 2794K, committed 3008K, reserved 1048576K
}
Event: 9.047 GC heap before
{Heap before GC invocations=9 (full 1):
 PSYoungGen      total 27136K, used 27104K [0x00000000eab00000, 0x00000000eca00000, 0x0000000100000000)
  eden space 24576K, 100% used [0x00000000eab00000,0x00000000ec300000,0x00000000ec300000)
  from space 2560K, 98% used [0x00000000ec500000,0x00000000ec7782e8,0x00000000ec780000)
  to   space 2560K, 0% used [0x00000000ec780000,0x00000000ec780000,0x00000000eca00000)
 ParOldGen       total 68608K, used 11224K [0x00000000c0000000, 0x00000000c4300000, 0x00000000eab00000)
  object space 68608K, 16% used [0x00000000c0000000,0x00000000c0af61f0,0x00000000c4300000)
 Metaspace       used 29903K, committed 30528K, reserved 1114112K
  class space    used 2948K, committed 3200K, reserved 1048576K
}
Event: 9.050 GC heap after
{Heap after GC invocations=9 (full 1):
 PSYoungGen      total 26624K, used 2479K [0x00000000eab00000, 0x00000000eca00000, 0x0000000100000000)
  eden space 24064K, 0% used [0x00000000eab00000,0x00000000eab00000,0x00000000ec280000)
  from space 2560K, 96% used [0x00000000ec780000,0x00000000ec9ebc00,0x00000000eca00000)
  to   space 3072K, 0% used [0x00000000ec400000,0x00000000ec400000,0x00000000ec700000)
 ParOldGen       total 68608K, used 11232K [0x00000000c0000000, 0x00000000c4300000, 0x00000000eab00000)
  object space 68608K, 16% used [0x00000000c0000000,0x00000000c0af81f0,0x00000000c4300000)
 Metaspace       used 29903K, committed 30528K, reserved 1114112K
  class space    used 2948K, committed 3200K, reserved 1048576K
}
Event: 9.323 GC heap before
{Heap before GC invocations=10 (full 1):
 PSYoungGen      total 26624K, used 26543K [0x00000000eab00000, 0x00000000eca00000, 0x0000000100000000)
  eden space 24064K, 100% used [0x00000000eab00000,0x00000000ec280000,0x00000000ec280000)
  from space 2560K, 96% used [0x00000000ec780000,0x00000000ec9ebc00,0x00000000eca00000)
  to   space 3072K, 0% used [0x00000000ec400000,0x00000000ec400000,0x00000000ec700000)
 ParOldGen       total 68608K, used 11232K [0x00000000c0000000, 0x00000000c4300000, 0x00000000eab00000)
  object space 68608K, 16% used [0x00000000c0000000,0x00000000c0af81f0,0x00000000c4300000)
 Metaspace       used 32127K, committed 32768K, reserved 1114112K
  class space    used 3124K, committed 3392K, reserved 1048576K
}
Event: 9.329 GC heap after
{Heap after GC invocations=10 (full 1):
 PSYoungGen      total 26624K, used 3061K [0x00000000eab00000, 0x00000000ecc00000, 0x0000000100000000)
  eden space 23552K, 0% used [0x00000000eab00000,0x00000000eab00000,0x00000000ec200000)
  from space 3072K, 99% used [0x00000000ec400000,0x00000000ec6fd568,0x00000000ec700000)
  to   space 5120K, 0% used [0x00000000ec700000,0x00000000ec700000,0x00000000ecc00000)
 ParOldGen       total 68608K, used 12517K [0x00000000c0000000, 0x00000000c4300000, 0x00000000eab00000)
  object space 68608K, 18% used [0x00000000c0000000,0x00000000c0c395f8,0x00000000c4300000)
 Metaspace       used 32127K, committed 32768K, reserved 1114112K
  class space    used 3124K, committed 3392K, reserved 1048576K
}

Dll operation events (9 events):
Event: 0.016 Loaded shared library c:\Users\SAI\.vscode\extensions\redhat.java-1.31.0-win32-x64\jre\17.0.11-win32-x86_64\bin\java.dll
Event: 0.344 Loaded shared library c:\Users\SAI\.vscode\extensions\redhat.java-1.31.0-win32-x64\jre\17.0.11-win32-x86_64\bin\zip.dll
Event: 0.354 Loaded shared library C:\Users\SAI\.vscode\extensions\redhat.java-1.31.0-win32-x64\jre\17.0.11-win32-x86_64\bin\instrument.dll
Event: 0.382 Loaded shared library C:\Users\SAI\.vscode\extensions\redhat.java-1.31.0-win32-x64\jre\17.0.11-win32-x86_64\bin\net.dll
Event: 0.385 Loaded shared library C:\Users\SAI\.vscode\extensions\redhat.java-1.31.0-win32-x64\jre\17.0.11-win32-x86_64\bin\nio.dll
Event: 0.396 Loaded shared library C:\Users\SAI\.vscode\extensions\redhat.java-1.31.0-win32-x64\jre\17.0.11-win32-x86_64\bin\zip.dll
Event: 0.430 Loaded shared library C:\Users\SAI\.vscode\extensions\redhat.java-1.31.0-win32-x64\jre\17.0.11-win32-x86_64\bin\jimage.dll
Event: 0.602 Loaded shared library c:\Users\SAI\.vscode\extensions\redhat.java-1.31.0-win32-x64\jre\17.0.11-win32-x86_64\bin\verify.dll
Event: 2.842 Loaded shared library C:\Users\SAI\AppData\Roaming\Code\User\globalStorage\redhat.java\1.31.0\config_win\org.eclipse.equinox.launcher\org.eclipse.equinox.launcher.win32.win32.x86_64_1.2.1000.v20240507-1834\eclipse_11902.dll

Deoptimization events (20 events):
Event: 8.080 Thread 0x000001c9c44d65c0 DEOPT PACKING pc=0x000001c9b3d6d9a4 sp=0x0000008edfff3190
Event: 8.080 Thread 0x000001c9c44d65c0 DEOPT UNPACKING pc=0x000001c9b36c66a3 sp=0x0000008edfff3118 mode 2
Event: 8.080 Thread 0x000001c9c44d65c0 Uncommon trap: trap_request=0xffffffde fr.pc=0x000001c9b3d6d9a4 relative=0x0000000000000104
Event: 8.080 Thread 0x000001c9c44d65c0 Uncommon trap: reason=class_check action=maybe_recompile pc=0x000001c9b3d6d9a4 method=jdk.internal.misc.Unsafe.allocateUninitializedArray(Ljava/lang/Class;I)Ljava/lang/Object; @ 51 c2
Event: 8.080 Thread 0x000001c9c44d65c0 DEOPT PACKING pc=0x000001c9b3d6d9a4 sp=0x0000008edfff3190
Event: 8.080 Thread 0x000001c9c44d65c0 DEOPT UNPACKING pc=0x000001c9b36c66a3 sp=0x0000008edfff3118 mode 2
Event: 8.080 Thread 0x000001c9c44d65c0 Uncommon trap: trap_request=0xffffffde fr.pc=0x000001c9b3d6d9a4 relative=0x0000000000000104
Event: 8.080 Thread 0x000001c9c44d65c0 Uncommon trap: reason=class_check action=maybe_recompile pc=0x000001c9b3d6d9a4 method=jdk.internal.misc.Unsafe.allocateUninitializedArray(Ljava/lang/Class;I)Ljava/lang/Object; @ 51 c2
Event: 8.080 Thread 0x000001c9c44d65c0 DEOPT PACKING pc=0x000001c9b3d6d9a4 sp=0x0000008edfff3190
Event: 8.080 Thread 0x000001c9c44d65c0 DEOPT UNPACKING pc=0x000001c9b36c66a3 sp=0x0000008edfff3118 mode 2
Event: 8.087 Thread 0x000001c9c44d65c0 DEOPT PACKING pc=0x000001c9ac430544 sp=0x0000008edfff27f0
Event: 8.087 Thread 0x000001c9c44d65c0 DEOPT UNPACKING pc=0x000001c9b36c6e43 sp=0x0000008edfff1d70 mode 0
Event: 8.490 Thread 0x000001c9c44d65c0 Uncommon trap: trap_request=0xffffff45 fr.pc=0x000001c9b3d26838 relative=0x0000000000000038
Event: 8.490 Thread 0x000001c9c44d65c0 Uncommon trap: reason=unstable_if action=reinterpret pc=0x000001c9b3d26838 method=java.util.concurrent.locks.AbstractQueuedSynchronizer.signalNext(Ljava/util/concurrent/locks/AbstractQueuedSynchronizer$Node;)V @ 10 c2
Event: 8.490 Thread 0x000001c9c44d65c0 DEOPT PACKING pc=0x000001c9b3d26838 sp=0x0000008edfffa0b0
Event: 8.490 Thread 0x000001c9c44d65c0 DEOPT UNPACKING pc=0x000001c9b36c66a3 sp=0x0000008edfffa030 mode 2
Event: 8.542 Thread 0x000001c9c44d65c0 DEOPT PACKING pc=0x000001c9ac4b1667 sp=0x0000008edfff5050
Event: 8.542 Thread 0x000001c9c44d65c0 DEOPT UNPACKING pc=0x000001c9b36c6e43 sp=0x0000008edfff45d0 mode 0
Event: 9.251 Thread 0x000001c9c44d65c0 DEOPT PACKING pc=0x000001c9ac6ea2c3 sp=0x0000008edfff5360
Event: 9.251 Thread 0x000001c9c44d65c0 DEOPT UNPACKING pc=0x000001c9b36c6e43 sp=0x0000008edfff4880 mode 0

Classes unloaded (0 events):
No events

Classes redefined (0 events):
No events

Internal exceptions (20 events):
Event: 6.513 Thread 0x000001c9c44d65c0 Exception <a 'java/lang/NoSuchMethodError'{0x00000000eab80f30}: 'java.lang.Object java.lang.invoke.DelegatingMethodHandle$Holder.reinvoke_L(java.lang.Object, java.lang.Object, java.lang.Object, java.lang.Object, int, int)'> (0x00000000eab80f30) 
thrown [s\src\hotspot\share\interpreter\linkResolver.cpp, line 759]
Event: 6.518 Thread 0x000001c9c44d65c0 Exception <a 'java/lang/NoSuchMethodError'{0x00000000eab95998}: 'java.lang.Object java.lang.invoke.Invokers$Holder.invokeExact_MT(java.lang.Object, java.lang.Object, java.lang.Object, java.lang.Object)'> (0x00000000eab95998) 
thrown [s\src\hotspot\share\interpreter\linkResolver.cpp, line 759]
Event: 6.621 Thread 0x000001c9c44d65c0 Exception <a 'java/io/FileNotFoundException'{0x00000000eae41f30}> (0x00000000eae41f30) 
thrown [s\src\hotspot\share\prims\jni.cpp, line 516]
Event: 6.623 Thread 0x000001c9c44d65c0 Exception <a 'java/io/FileNotFoundException'{0x00000000eae499b8}> (0x00000000eae499b8) 
thrown [s\src\hotspot\share\prims\jni.cpp, line 516]
Event: 6.722 Thread 0x000001c9c44d65c0 Exception <a 'java/lang/NoSuchMethodError'{0x00000000eb1527c0}: 'java.lang.Object java.lang.invoke.DirectMethodHandle$Holder.newInvokeSpecial(java.lang.Object, java.lang.Object, java.lang.Object, java.lang.Object, java.lang.Object)'> (0x00000000eb1527c0) 
thrown [s\src\hotspot\share\interpreter\linkResolver.cpp, line 759]
Event: 6.772 Thread 0x000001c9c44d65c0 Exception <a 'java/lang/NoSuchMethodError'{0x00000000eb2e6e78}: 'java.lang.Object java.lang.invoke.DirectMethodHandle$Holder.invokeStaticInit(java.lang.Object, int)'> (0x00000000eb2e6e78) 
thrown [s\src\hotspot\share\interpreter\linkResolver.cpp, line 759]
Event: 6.857 Thread 0x000001c9c44d65c0 Exception <a 'java/lang/NoSuchMethodError'{0x00000000eb525fb8}: 'java.lang.Object java.lang.invoke.DirectMethodHandle$Holder.invokeSpecial(java.lang.Object, java.lang.Object, java.lang.Object, long, java.lang.Object)'> (0x00000000eb525fb8) 
thrown [s\src\hotspot\share\interpreter\linkResolver.cpp, line 759]
Event: 6.858 Thread 0x000001c9c44d65c0 Exception <a 'java/lang/NoSuchMethodError'{0x00000000eb52e170}: 'java.lang.Object java.lang.invoke.DirectMethodHandle$Holder.newInvokeSpecial(java.lang.Object, java.lang.Object, java.lang.Object, long)'> (0x00000000eb52e170) 
thrown [s\src\hotspot\share\interpreter\linkResolver.cpp, line 759]
Event: 6.860 Thread 0x000001c9c44d65c0 Exception <a 'java/lang/NoSuchMethodError'{0x00000000eb532710}: 'java.lang.Object java.lang.invoke.DirectMethodHandle$Holder.invokeSpecial(java.lang.Object, java.lang.Object, java.lang.Object, java.lang.Object, long)'> (0x00000000eb532710) 
thrown [s\src\hotspot\share\interpreter\linkResolver.cpp, line 759]
Event: 6.861 Thread 0x000001c9c44d65c0 Exception <a 'java/lang/NoSuchMethodError'{0x00000000eb536588}: 'java.lang.Object java.lang.invoke.Invokers$Holder.linkToTargetMethod(java.lang.Object, java.lang.Object, long, java.lang.Object)'> (0x00000000eb536588) 
thrown [s\src\hotspot\share\interpreter\linkResolver.cpp, line 759]
Event: 6.906 Thread 0x000001c9c44d65c0 Exception <a 'java/lang/NoSuchMethodError'{0x00000000eb5bfc68}: 'int java.lang.invoke.DirectMethodHandle$Holder.invokeStaticInit(java.lang.Object, java.lang.Object, java.lang.Object)'> (0x00000000eb5bfc68) 
thrown [s\src\hotspot\share\interpreter\linkResolver.cpp, line 759]
Event: 6.953 Thread 0x000001c9c44d65c0 Exception <a 'java/lang/IncompatibleClassChangeError'{0x00000000eb67c490}: Found class java.lang.Object, but interface was expected> (0x00000000eb67c490) 
thrown [s\src\hotspot\share\interpreter\linkResolver.cpp, line 826]
Event: 6.970 Thread 0x000001c9c44d65c0 Exception <a 'java/lang/NoSuchMethodError'{0x00000000eb69e318}: 'java.lang.Object java.lang.invoke.DirectMethodHandle$Holder.invokeSpecial(java.lang.Object, java.lang.Object, java.lang.Object, int, java.lang.Object, java.lang.Object)'> (0x00000000eb69e318) 
thrown [s\src\hotspot\share\interpreter\linkResolver.cpp, line 759]
Event: 6.972 Thread 0x000001c9c44d65c0 Exception <a 'java/lang/NoSuchMethodError'{0x00000000eb6a6a10}: 'java.lang.Object java.lang.invoke.DirectMethodHandle$Holder.newInvokeSpecial(java.lang.Object, java.lang.Object, java.lang.Object, int, java.lang.Object)'> (0x00000000eb6a6a10) 
thrown [s\src\hotspot\share\interpreter\linkResolver.cpp, line 759]
Event: 6.973 Thread 0x000001c9c44d65c0 Exception <a 'java/lang/NoSuchMethodError'{0x00000000eb6aae68}: 'java.lang.Object java.lang.invoke.DirectMethodHandle$Holder.invokeSpecial(java.lang.Object, java.lang.Object, java.lang.Object, java.lang.Object, int, java.lang.Object)'> (0x00000000eb6aae68) 
thrown [s\src\hotspot\share\interpreter\linkResolver.cpp, line 759]
Event: 6.983 Thread 0x000001c9c47da3a0 Exception <a 'java/lang/NoSuchMethodError'{0x00000000eb5a4568}: 'java.lang.Object java.lang.invoke.DirectMethodHandle$Holder.invokeSpecial(java.lang.Object, java.lang.Object, int, java.lang.Object, java.lang.Object)'> (0x00000000eb5a4568) 
thrown [s\src\hotspot\share\interpreter\linkResolver.cpp, line 759]
Event: 7.702 Thread 0x000001c9c44d65c0 Exception <a 'java/lang/NoSuchMethodError'{0x00000000eab90480}: 'java.lang.Object java.lang.invoke.Invokers$Holder.linkToTargetMethod(java.lang.Object, long, java.lang.Object, java.lang.Object)'> (0x00000000eab90480) 
thrown [s\src\hotspot\share\interpreter\linkResolver.cpp, line 759]
Event: 7.953 Thread 0x000001c9c44d65c0 Exception <a 'java/io/FileNotFoundException'{0x00000000eb2e8268}> (0x00000000eb2e8268) 
thrown [s\src\hotspot\share\prims\jni.cpp, line 516]
Event: 7.955 Thread 0x000001c9c44d65c0 Exception <a 'java/lang/NoSuchMethodError'{0x00000000eb2f12d8}: 'java.lang.Object java.lang.invoke.DirectMethodHandle$Holder.newInvokeSpecial(java.lang.Object, int, java.lang.Object, java.lang.Object)'> (0x00000000eb2f12d8) 
thrown [s\src\hotspot\share\interpreter\linkResolver.cpp, line 759]
Event: 8.275 Thread 0x000001c9c44d65c0 Exception <a 'java/lang/NoSuchMethodError'{0x00000000ebab2b08}: 'void java.lang.invoke.DirectMethodHandle$Holder.invokeSpecial(java.lang.Object, java.lang.Object, java.lang.Object, int)'> (0x00000000ebab2b08) 
thrown [s\src\hotspot\share\interpreter\linkResolver.cpp, line 759]

VM Operations (20 events):
Event: 6.794 Executing VM operation: HandshakeAllThreads
Event: 6.794 Executing VM operation: HandshakeAllThreads done
Event: 6.995 Executing VM operation: HandshakeAllThreads
Event: 6.995 Executing VM operation: HandshakeAllThreads done
Event: 7.202 Executing VM operation: HandshakeAllThreads
Event: 7.203 Executing VM operation: HandshakeAllThreads done
Event: 7.341 Executing VM operation: HandshakeAllThreads
Event: 7.341 Executing VM operation: HandshakeAllThreads done
Event: 7.359 Executing VM operation: HandshakeAllThreads
Event: 7.359 Executing VM operation: HandshakeAllThreads done
Event: 7.672 Executing VM operation: ParallelGCFailedAllocation
Event: 7.676 Executing VM operation: ParallelGCFailedAllocation done
Event: 7.978 Executing VM operation: HandshakeAllThreads
Event: 7.978 Executing VM operation: HandshakeAllThreads done
Event: 8.660 Executing VM operation: ParallelGCFailedAllocation
Event: 8.663 Executing VM operation: ParallelGCFailedAllocation done
Event: 9.047 Executing VM operation: ParallelGCFailedAllocation
Event: 9.050 Executing VM operation: ParallelGCFailedAllocation done
Event: 9.323 Executing VM operation: ParallelGCFailedAllocation
Event: 9.329 Executing VM operation: ParallelGCFailedAllocation done

Events (20 events):
Event: 8.622 loading class java/util/zip/GZIPInputStream
Event: 8.623 loading class java/util/zip/GZIPInputStream done
Event: 8.635 loading class java/net/SocketTimeoutException
Event: 8.635 loading class java/io/InterruptedIOException
Event: 8.635 loading class java/io/InterruptedIOException done
Event: 8.635 loading class java/net/SocketTimeoutException done
Event: 8.636 loading class java/net/SocketException
Event: 8.636 loading class java/net/SocketException done
Event: 8.636 loading class java/net/UnknownHostException
Event: 8.636 loading class java/net/UnknownHostException done
Event: 8.636 loading class java/net/ProtocolException
Event: 8.636 loading class java/net/ProtocolException done
Event: 8.689 loading class java/lang/ThreadLocal$SuppliedThreadLocal
Event: 8.689 loading class java/lang/ThreadLocal$SuppliedThreadLocal done
Event: 8.706 loading class java/io/FileWriter
Event: 8.706 loading class java/io/FileWriter done
Event: 8.793 loading class java/lang/NegativeArraySizeException
Event: 8.793 loading class java/lang/NegativeArraySizeException done
Event: 9.376 loading class org/w3c/dom/DOMException
Event: 9.377 loading class org/w3c/dom/DOMException done


Dynamic libraries:
0x00007ff73f990000 - 0x00007ff73f99e000 	c:\Users\SAI\.vscode\extensions\redhat.java-1.31.0-win32-x64\jre\17.0.11-win32-x86_64\bin\java.exe
0x00007ffde59f0000 - 0x00007ffde5c07000 	C:\WINDOWS\SYSTEM32\ntdll.dll
0x00007ffde4d10000 - 0x00007ffde4dd4000 	C:\WINDOWS\System32\KERNEL32.DLL
0x00007ffde3370000 - 0x00007ffde371d000 	C:\WINDOWS\System32\KERNELBASE.dll
0x00007ffde2f50000 - 0x00007ffde3061000 	C:\WINDOWS\System32\ucrtbase.dll
0x00007ffdda050000 - 0x00007ffdda067000 	c:\Users\SAI\.vscode\extensions\redhat.java-1.31.0-win32-x64\jre\17.0.11-win32-x86_64\bin\jli.dll
0x00007ffdddbc0000 - 0x00007ffdddbdb000 	c:\Users\SAI\.vscode\extensions\redhat.java-1.31.0-win32-x64\jre\17.0.11-win32-x86_64\bin\VCRUNTIME140.dll
0x00007ffde4fe0000 - 0x00007ffde518e000 	C:\WINDOWS\System32\USER32.dll
0x00007ffde2d10000 - 0x00007ffde2d36000 	C:\WINDOWS\System32\win32u.dll
0x00007ffde4970000 - 0x00007ffde4999000 	C:\WINDOWS\System32\GDI32.dll
0x00007ffdc82d0000 - 0x00007ffdc8563000 	C:\WINDOWS\WinSxS\amd64_microsoft.windows.common-controls_6595b64144ccf1df_6.0.22621.3672_none_2713b9d173822955\COMCTL32.dll
0x00007ffde3070000 - 0x00007ffde3189000 	C:\WINDOWS\System32\gdi32full.dll
0x00007ffde4f30000 - 0x00007ffde4fd7000 	C:\WINDOWS\System32\msvcrt.dll
0x00007ffde2eb0000 - 0x00007ffde2f4a000 	C:\WINDOWS\System32\msvcp_win.dll
0x00007ffde4cd0000 - 0x00007ffde4d01000 	C:\WINDOWS\System32\IMM32.DLL
0x00007ffdc0890000 - 0x00007ffdc089c000 	c:\Users\SAI\.vscode\extensions\redhat.java-1.31.0-win32-x64\jre\17.0.11-win32-x86_64\bin\vcruntime140_1.dll
0x00007ffd94900000 - 0x00007ffd9498d000 	c:\Users\SAI\.vscode\extensions\redhat.java-1.31.0-win32-x64\jre\17.0.11-win32-x86_64\bin\msvcp140.dll
0x00007ffd59ab0000 - 0x00007ffd5a712000 	c:\Users\SAI\.vscode\extensions\redhat.java-1.31.0-win32-x64\jre\17.0.11-win32-x86_64\bin\server\jvm.dll
0x00007ffde38f0000 - 0x00007ffde39a2000 	C:\WINDOWS\System32\ADVAPI32.dll
0x00007ffde4b00000 - 0x00007ffde4ba9000 	C:\WINDOWS\System32\sechost.dll
0x00007ffde3340000 - 0x00007ffde3368000 	C:\WINDOWS\System32\bcrypt.dll
0x00007ffde57b0000 - 0x00007ffde58c4000 	C:\WINDOWS\System32\RPCRT4.dll
0x00007ffde2970000 - 0x00007ffde29bd000 	C:\WINDOWS\SYSTEM32\POWRPROF.dll
0x00007ffdc31f0000 - 0x00007ffdc31f9000 	C:\WINDOWS\SYSTEM32\WSOCK32.dll
0x00007ffde4730000 - 0x00007ffde47a1000 	C:\WINDOWS\System32\WS2_32.dll
0x00007ffdd9280000 - 0x00007ffdd928a000 	C:\WINDOWS\SYSTEM32\VERSION.dll
0x00007ffdde600000 - 0x00007ffdde634000 	C:\WINDOWS\SYSTEM32\WINMM.dll
0x00007ffde2930000 - 0x00007ffde2943000 	C:\WINDOWS\SYSTEM32\UMPDC.dll
0x00007ffde1d40000 - 0x00007ffde1d58000 	C:\WINDOWS\SYSTEM32\kernel.appcore.dll
0x00007ffdc0450000 - 0x00007ffdc045a000 	c:\Users\SAI\.vscode\extensions\redhat.java-1.31.0-win32-x64\jre\17.0.11-win32-x86_64\bin\jimage.dll
0x00007ffddb840000 - 0x00007ffddba72000 	C:\WINDOWS\SYSTEM32\DBGHELP.DLL
0x00007ffde3ab0000 - 0x00007ffde3e3d000 	C:\WINDOWS\System32\combase.dll
0x00007ffde58d0000 - 0x00007ffde59a7000 	C:\WINDOWS\System32\OLEAUT32.dll
0x00007ffdcba40000 - 0x00007ffdcba72000 	C:\WINDOWS\SYSTEM32\dbgcore.DLL
0x00007ffde3190000 - 0x00007ffde320b000 	C:\WINDOWS\System32\bcryptPrimitives.dll
0x00007ffdb9600000 - 0x00007ffdb960e000 	c:\Users\SAI\.vscode\extensions\redhat.java-1.31.0-win32-x64\jre\17.0.11-win32-x86_64\bin\instrument.dll
0x00007ffd9f6e0000 - 0x00007ffd9f705000 	c:\Users\SAI\.vscode\extensions\redhat.java-1.31.0-win32-x64\jre\17.0.11-win32-x86_64\bin\java.dll
0x00007ffdb0a10000 - 0x00007ffdb0a28000 	c:\Users\SAI\.vscode\extensions\redhat.java-1.31.0-win32-x64\jre\17.0.11-win32-x86_64\bin\zip.dll
0x00007ffde3ec0000 - 0x00007ffde4727000 	C:\WINDOWS\System32\SHELL32.dll
0x00007ffde0c20000 - 0x00007ffde151e000 	C:\WINDOWS\SYSTEM32\windows.storage.dll
0x00007ffde0ae0000 - 0x00007ffde0c1f000 	C:\WINDOWS\SYSTEM32\wintypes.dll
0x00007ffde5190000 - 0x00007ffde5289000 	C:\WINDOWS\System32\SHCORE.dll
0x00007ffde4c70000 - 0x00007ffde4cce000 	C:\WINDOWS\System32\shlwapi.dll
0x00007ffde2c40000 - 0x00007ffde2c61000 	C:\WINDOWS\SYSTEM32\profapi.dll
0x00007ffda1700000 - 0x00007ffda1719000 	C:\Users\SAI\.vscode\extensions\redhat.java-1.31.0-win32-x64\jre\17.0.11-win32-x86_64\bin\net.dll
0x00007ffddf6a0000 - 0x00007ffddf7d6000 	C:\WINDOWS\SYSTEM32\WINHTTP.dll
0x00007ffde21b0000 - 0x00007ffde2219000 	C:\WINDOWS\system32\mswsock.dll
0x00007ffd9f060000 - 0x00007ffd9f076000 	C:\Users\SAI\.vscode\extensions\redhat.java-1.31.0-win32-x64\jre\17.0.11-win32-x86_64\bin\nio.dll
0x00007ffdb95f0000 - 0x00007ffdb9600000 	c:\Users\SAI\.vscode\extensions\redhat.java-1.31.0-win32-x64\jre\17.0.11-win32-x86_64\bin\verify.dll
0x00007ffd96b70000 - 0x00007ffd96bb4000 	C:\Users\SAI\AppData\Roaming\Code\User\globalStorage\redhat.java\1.31.0\config_win\org.eclipse.equinox.launcher\org.eclipse.equinox.launcher.win32.win32.x86_64_1.2.1000.v20240507-1834\eclipse_11902.dll
0x00007ffde3720000 - 0x00007ffde38c5000 	C:\WINDOWS\System32\ole32.dll

dbghelp: loaded successfully - version: 4.0.5 - missing functions: none
symbol engine: initialized successfully - sym options: 0x614 - pdb path: .;c:\Users\SAI\.vscode\extensions\redhat.java-1.31.0-win32-x64\jre\17.0.11-win32-x86_64\bin;C:\WINDOWS\SYSTEM32;C:\WINDOWS\WinSxS\amd64_microsoft.windows.common-controls_6595b64144ccf1df_6.0.22621.3672_none_2713b9d173822955;c:\Users\SAI\.vscode\extensions\redhat.java-1.31.0-win32-x64\jre\17.0.11-win32-x86_64\bin\server;C:\Users\SAI\AppData\Roaming\Code\User\globalStorage\redhat.java\1.31.0\config_win\org.eclipse.equinox.launcher\org.eclipse.equinox.launcher.win32.win32.x86_64_1.2.1000.v20240507-1834

VM Arguments:
jvm_args: --add-modules=ALL-SYSTEM --add-opens=java.base/java.util=ALL-UNNAMED --add-opens=java.base/java.lang=ALL-UNNAMED --add-opens=java.base/sun.nio.fs=ALL-UNNAMED -Declipse.application=org.eclipse.jdt.ls.core.id1 -Dosgi.bundles.defaultStartLevel=4 -Declipse.product=org.eclipse.jdt.ls.core.product -Djava.import.generatesMetadataFilesAtProjectRoot=false -DDetectVMInstallationsJob.disabled=true -Dfile.encoding=utf8 -XX:+UseParallelGC -XX:GCTimeRatio=4 -XX:AdaptiveSizePolicyWeight=90 -Dsun.zip.disableMemoryMapping=true -Xmx1G -Xms100m -Xlog:disable -javaagent:c:\Users\SAI\.vscode\extensions\redhat.java-1.31.0-win32-x64\lombok\lombok-1.18.32.jar -XX:+HeapDumpOnOutOfMemoryError -XX:HeapDumpPath=c:\Users\SAI\AppData\Roaming\Code\User\workspaceStorage\673616978a8685e9a5e4b105aeae607e\redhat.java -Daether.dependencyCollector.impl=bf 
java_command: c:\Users\SAI\.vscode\extensions\redhat.java-1.31.0-win32-x64\server\plugins\org.eclipse.equinox.launcher_1.6.800.v20240513-1750.jar -configuration c:\Users\SAI\AppData\Roaming\Code\User\globalStorage\redhat.java\1.31.0\config_win -data c:\Users\SAI\AppData\Roaming\Code\User\workspaceStorage\673616978a8685e9a5e4b105aeae607e\redhat.java\jdt_ws --pipe=\\.\pipe\lsp-1f7797bdcb52edbb6eee923ecacc8480-sock
java_class_path (initial): c:\Users\SAI\.vscode\extensions\redhat.java-1.31.0-win32-x64\server\plugins\org.eclipse.equinox.launcher_1.6.800.v20240513-1750.jar
Launcher Type: SUN_STANDARD

[Global flags]
    uintx AdaptiveSizePolicyWeight                 = 90                                        {product} {command line}
     intx CICompilerCount                          = 4                                         {product} {ergonomic}
    uintx GCTimeRatio                              = 4                                         {product} {command line}
     bool HeapDumpOnOutOfMemoryError               = true                                   {manageable} {command line}
    ccstr HeapDumpPath                             = c:\Users\SAI\AppData\Roaming\Code\User\workspaceStorage\673616978a8685e9a5e4b105aeae607e\redhat.java         {manageable} {command line}
   size_t InitialHeapSize                          = 104857600                                 {product} {command line}
   size_t MaxHeapSize                              = 1073741824                                {product} {command line}
   size_t MaxNewSize                               = 357564416                                 {product} {ergonomic}
   size_t MinHeapDeltaBytes                        = 524288                                    {product} {ergonomic}
   size_t MinHeapSize                              = 104857600                                 {product} {command line}
   size_t NewSize                                  = 34603008                                  {product} {ergonomic}
    uintx NonNMethodCodeHeapSize                   = 5839372                                {pd product} {ergonomic}
    uintx NonProfiledCodeHeapSize                  = 122909434                              {pd product} {ergonomic}
   size_t OldSize                                  = 70254592                                  {product} {ergonomic}
    uintx ProfiledCodeHeapSize                     = 122909434                              {pd product} {ergonomic}
    uintx ReservedCodeCacheSize                    = 251658240                              {pd product} {ergonomic}
     bool SegmentedCodeCache                       = true                                      {product} {ergonomic}
   size_t SoftMaxHeapSize                          = 1073741824                             {manageable} {ergonomic}
     bool UseCompressedClassPointers               = true                           {product lp64_product} {ergonomic}
     bool UseCompressedOops                        = true                           {product lp64_product} {ergonomic}
     bool UseLargePagesIndividualAllocation        = false                                  {pd product} {ergonomic}
     bool UseParallelGC                            = true                                      {product} {command line}

Logging:
Log output configuration:
 #0: stdout all=off uptime,level,tags
 #1: stderr all=off uptime,level,tags

Environment Variables:
PATH=C:\oraclexe\app\oracle\product\11.2.0\server\bin;C:\oraclexe\app\oracle\product\11.2.0\server\bin;C:\WINDOWS\system32;C:\WINDOWS;C:\WINDOWS\System32\Wbem;C:\WINDOWS\System32\WindowsPowerShell\v1.0\;C:\WINDOWS\System32\OpenSSH\;C:\Program Files\Microsoft SQL Server\Client SDK\ODBC\170\Tools\Binn\;C:\Program Files (x86)\Microsoft SQL Server\150\Tools\Binn\;C:\Program Files\Microsoft SQL Server\150\Tools\Binn\;C:\Program Files\Microsoft SQL Server\150\DTS\Binn\;C:\Program Files\Microsoft\Web Platform Installer\;C:\Program Files (x86)\Microsoft ASP.NET\ASP.NET Web Pages\v1.0\;C:\Users\SAI\AppData\Local\Android\Sdk\emulator;C:\Users\SAI\AppData\Local\Android\Sdk\platform-tools;C:\Users\SAI\AppData\Local\Android\Sdk;C:\Users\SAI\AppData\Roaming\npm;C:\WINDOWS\system32;C:\WINDOWS;C:\WINDOWS\System32\Wbem;C:\WINDOWS\System32\WindowsPowerShell\v1.0\;C:\WINDOWS\System32\OpenSSH\;C:\Program Files\Microsoft SQL Server\110\Tools\Binn\;C:\Program Files\Java\jdk-20\bin;C:\Program Files\nodejs\;C:\Program Files\MySQL\MySQL Server 8.0\bin;C:\Program Files\Git\cmd;C:\flutter\bin;C:\dart-sdk\bin;C:\Users\SAI\AppData\Local\Programs\Python\Python38\Scripts\;C:\Users\SAI\AppData\Local\Programs\Python\Python38\;C:\Program Files\MySQL\MySQL Shell 8.0\bin\;C:\Users\SAI\AppData\Local\Microsoft\WindowsApps;C:\Program Files\Azure Data Studio\bin;C:\src\flutter\bin;C:\Users\SAI\Documents\Downloads\jdk-20_windows-x64_bin.exe;C:\Users\SAI\AppData\Roaming\npm;C:\Users\SAI\AppData\Local\Programs\Microsoft VS Code new\bin;C:\flutter\bin;C:\dart-sdk\bin
USERNAME=SAI
OS=Windows_NT
PROCESSOR_IDENTIFIER=AMD64 Family 23 Model 104 Stepping 1, AuthenticAMD
TMP=C:\Users\SAI\AppData\Local\Temp
TEMP=C:\Users\SAI\AppData\Local\Temp



Periodic native trim disabled


---------------  S Y S T E M  ---------------

OS:
 Windows 11 , 64 bit Build 22621 (10.0.22621.3958)
OS uptime: 2 days 2:16 hours
Hyper-V role detected

CPU: total 12 (initial active 12) (12 cores per cpu, 2 threads per core) family 23 model 104 stepping 1 microcode 0x0, cx8, cmov, fxsr, ht, mmx, 3dnowpref, sse, sse2, sse3, ssse3, sse4a, sse4.1, sse4.2, popcnt, lzcnt, tsc, tscinvbit, avx, avx2, aes, clmul, bmi1, bmi2, adx, sha, fma, vzeroupper, clflush, clflushopt, hv
Processor Information for all 12 processors :
  Max Mhz: 2100, Current Mhz: 2100, Mhz Limit: 2100

Memory: 4k page, system-wide physical 7502M (226M free)
TotalPageFile size 11174M (AvailPageFile size 0M)
current process WorkingSet (physical memory assigned to process): 145M, peak: 145M
current process commit charge ("private bytes"): 254M, peak: 254M

vm_info: OpenJDK 64-Bit Server VM (17.0.11+9) for windows-amd64 JRE (17.0.11+9), built on Apr 17 2024 06:07:48 by "admin" with MS VC++ 16.10 / 16.11 (VS2019)

END.
