#
# There is insufficient memory for the Java Runtime Environment to continue.
# Native memory allocation (mmap) failed to map 1933312 bytes for G1 virtual space
# Possible reasons:
#   The system is out of physical RAM or swap space
#   The process is running with CompressedOops enabled, and the Java Heap may be blocking the growth of the native heap
# Possible solutions:
#   Reduce memory load on the system
#   Increase physical memory or swap space
#   Check if swap backing store is full
#   Decrease Java heap size (-Xmx/-Xms)
#   Decrease number of Java threads
#   Decrease Java thread stack sizes (-Xss)
#   Set larger code cache with -XX:ReservedCodeCacheSize=
#   JVM is running with Unscaled Compressed Oops mode in which the Java heap is
#     placed in the first 4GB address space. The Java Heap base address is the
#     maximum limit for the native heap growth. Please use -XX:HeapBaseMinAddress
#     to set the Java Heap base and to place the Java Heap above 4GB virtual address.
# This output file may be truncated or incomplete.
#
#  Out of Memory Error (os_windows.cpp:3825), pid=5612, tid=16932
#
# JRE version:  (17.0.9) (build )
# Java VM: OpenJDK 64-Bit Server VM (17.0.9+0--11185874, mixed mode, sharing, tiered, compressed oops, compressed class ptrs, g1 gc, windows-amd64)
# No core dump will be written. Minidumps are not enabled by default on client versions of Windows
#

---------------  S U M M A R Y ------------

Command Line: 

Host: AMD Ryzen 5 5500U with Radeon Graphics         , 12 cores, 7G,  Windows 11 , 64 bit Build 22621 (10.0.22621.3958)
Time: Sun Sep  8 14:37:34 2024 India Standard Time elapsed time: 0.014544 seconds (0d 0h 0m 0s)

---------------  T H R E A D  ---------------

Current thread (0x0000022078944720):  JavaThread "Unknown thread" [_thread_in_vm, id=16932, stack(0x0000005624400000,0x0000005624500000)]

Stack: [0x0000005624400000,0x0000005624500000]
Native frames: (J=compiled Java code, j=interpreted, Vv=VM code, C=native code)
V  [jvm.dll+0x6886e9]
V  [jvm.dll+0x841e4a]
V  [jvm.dll+0x843a8e]
V  [jvm.dll+0x8440f3]
V  [jvm.dll+0x24c14f]
V  [jvm.dll+0x685499]
V  [jvm.dll+0x679c2a]
V  [jvm.dll+0x30cf9b]
V  [jvm.dll+0x314446]
V  [jvm.dll+0x364288]
V  [jvm.dll+0x36448f]
V  [jvm.dll+0x2e2d68]
V  [jvm.dll+0x2e3cd4]
V  [jvm.dll+0x8129f1]
V  [jvm.dll+0x3720c1]
V  [jvm.dll+0x7f152c]
V  [jvm.dll+0x3f5d4f]
V  [jvm.dll+0x3f7981]
C  [jli.dll+0x528f]
C  [ucrtbase.dll+0x29333]
C  [KERNEL32.DLL+0x1257d]
C  [ntdll.dll+0x5af28]


---------------  P R O C E S S  ---------------

Threads class SMR info:
_java_thread_list=0x00007ffd646eef18, length=0, elements={
}

Java Threads: ( => current thread )

Other Threads:
  0x000002207899b490 GCTaskThread "GC Thread#0" [stack: 0x0000005624500000,0x0000005624600000] [id=3164]
  0x00000220789aad70 ConcurrentGCThread "G1 Main Marker" [stack: 0x0000005624600000,0x0000005624700000] [id=2340]
  0x00000220789ab6a0 ConcurrentGCThread "G1 Conc#0" [stack: 0x0000005624700000,0x0000005624800000] [id=12992]

[error occurred during error reporting (printing all threads), id 0xc0000005, EXCEPTION_ACCESS_VIOLATION (0xc0000005) at pc=0x00007ffd63ea3937]

VM state: not at safepoint (not fully initialized)

VM Mutex/Monitor currently owned by a thread:  ([mutex/lock_event])
[0x000002207893fd40] Heap_lock - owner thread: 0x0000022078944720

Heap address: 0x000000008ac00000, size: 1876 MB, Compressed Oops mode: 32-bit

CDS archive(s) mapped at: [0x0000000000000000-0x0000000000000000-0x0000000000000000), size 0, SharedBaseAddress: 0x0000000800000000, ArchiveRelocationMode: 1.
Narrow klass base: 0x0000000000000000, Narrow klass shift: 0, Narrow klass range: 0x0

GC Precious Log:
<Empty>

Heap:
 garbage-first heap   total 0K, used 0K [0x000000008ac00000, 0x0000000100000000)
  region size 1024K, 0 young (0K), 0 survivors (0K)
 Metaspace       used 0K, committed 0K, reserved 0K
  class space    used 0K, committed 0K, reserved 0K

Heap Regions: E=young(eden), S=young(survivor), O=old, HS=humongous(starts), HC=humongous(continues), CS=collection set, F=free, OA=open archive, CA=closed archive, TAMS=top-at-mark-start (previous, next)

Card table byte_map: [0x000002207c720000,0x000002207cad0000] _byte_map_base: 0x000002207c2ca000

Marking Bits (Prev, Next): (CMBitMap*) 0x000002207899b9c0, (CMBitMap*) 0x000002207899ba00
 Prev Bits: [0x000002207ce80000, 0x000002207ebd0000)
 Next Bits: [0x000002200f000000, 0x0000022010d50000)

GC Heap History (0 events):
No events

Dll operation events (1 events):
Event: 0.009 Loaded shared library C:\Program Files\Android\Android Studio1\jbr\bin\java.dll

Deoptimization events (0 events):
No events

Classes unloaded (0 events):
No events

Classes redefined (0 events):
No events

Internal exceptions (0 events):
No events

VM Operations (0 events):
No events

Events (0 events):
No events


Dynamic libraries:
0x00007ff6a8260000 - 0x00007ff6a826a000 	C:\Program Files\Android\Android Studio1\jbr\bin\java.EXE
0x00007ffde59f0000 - 0x00007ffde5c07000 	C:\WINDOWS\SYSTEM32\ntdll.dll
0x00007ffde4d10000 - 0x00007ffde4dd4000 	C:\WINDOWS\System32\KERNEL32.DLL
0x00007ffde3370000 - 0x00007ffde371d000 	C:\WINDOWS\System32\KERNELBASE.dll
0x00007ffde2f50000 - 0x00007ffde3061000 	C:\WINDOWS\System32\ucrtbase.dll
0x00007ffdb9660000 - 0x00007ffdb9677000 	C:\Program Files\Android\Android Studio1\jbr\bin\jli.dll
0x00007ffde4fe0000 - 0x00007ffde518e000 	C:\WINDOWS\System32\USER32.dll
0x00007ffdc82d0000 - 0x00007ffdc8563000 	C:\WINDOWS\WinSxS\amd64_microsoft.windows.common-controls_6595b64144ccf1df_6.0.22621.3672_none_2713b9d173822955\COMCTL32.dll
0x00007ffde2d10000 - 0x00007ffde2d36000 	C:\WINDOWS\System32\win32u.dll
0x00007ffdab200000 - 0x00007ffdab21b000 	C:\Program Files\Android\Android Studio1\jbr\bin\VCRUNTIME140.dll
0x00007ffde4f30000 - 0x00007ffde4fd7000 	C:\WINDOWS\System32\msvcrt.dll
0x00007ffde4970000 - 0x00007ffde4999000 	C:\WINDOWS\System32\GDI32.dll
0x00007ffde3070000 - 0x00007ffde3189000 	C:\WINDOWS\System32\gdi32full.dll
0x00007ffde2eb0000 - 0x00007ffde2f4a000 	C:\WINDOWS\System32\msvcp_win.dll
0x00007ffde4cd0000 - 0x00007ffde4d01000 	C:\WINDOWS\System32\IMM32.DLL
0x00007ffdbfa10000 - 0x00007ffdbfa1c000 	C:\Program Files\Android\Android Studio1\jbr\bin\vcruntime140_1.dll
0x00007ffd94990000 - 0x00007ffd94a1d000 	C:\Program Files\Android\Android Studio1\jbr\bin\msvcp140.dll
0x00007ffd63bb0000 - 0x00007ffd64833000 	C:\Program Files\Android\Android Studio1\jbr\bin\server\jvm.dll
0x00007ffde38f0000 - 0x00007ffde39a2000 	C:\WINDOWS\System32\ADVAPI32.dll
0x00007ffde4b00000 - 0x00007ffde4ba9000 	C:\WINDOWS\System32\sechost.dll
0x00007ffde3340000 - 0x00007ffde3368000 	C:\WINDOWS\System32\bcrypt.dll
0x00007ffde57b0000 - 0x00007ffde58c4000 	C:\WINDOWS\System32\RPCRT4.dll
0x00007ffde2970000 - 0x00007ffde29bd000 	C:\WINDOWS\SYSTEM32\POWRPROF.dll
0x00007ffdde600000 - 0x00007ffdde634000 	C:\WINDOWS\SYSTEM32\WINMM.dll
0x00007ffdc31f0000 - 0x00007ffdc31f9000 	C:\WINDOWS\SYSTEM32\WSOCK32.dll
0x00007ffdd9280000 - 0x00007ffdd928a000 	C:\WINDOWS\SYSTEM32\VERSION.dll
0x00007ffde4730000 - 0x00007ffde47a1000 	C:\WINDOWS\System32\WS2_32.dll
0x00007ffde2930000 - 0x00007ffde2943000 	C:\WINDOWS\SYSTEM32\UMPDC.dll
0x00007ffde1d40000 - 0x00007ffde1d58000 	C:\WINDOWS\SYSTEM32\kernel.appcore.dll
0x00007ffdb6aa0000 - 0x00007ffdb6aaa000 	C:\Program Files\Android\Android Studio1\jbr\bin\jimage.dll
0x00007ffddb840000 - 0x00007ffddba72000 	C:\WINDOWS\SYSTEM32\DBGHELP.DLL
0x00007ffde3ab0000 - 0x00007ffde3e3d000 	C:\WINDOWS\System32\combase.dll
0x00007ffde58d0000 - 0x00007ffde59a7000 	C:\WINDOWS\System32\OLEAUT32.dll
0x00007ffdcba40000 - 0x00007ffdcba72000 	C:\WINDOWS\SYSTEM32\dbgcore.DLL
0x00007ffde3190000 - 0x00007ffde320b000 	C:\WINDOWS\System32\bcryptPrimitives.dll
0x00007ffda3910000 - 0x00007ffda3935000 	C:\Program Files\Android\Android Studio1\jbr\bin\java.dll

dbghelp: loaded successfully - version: 4.0.5 - missing functions: none
symbol engine: initialized successfully - sym options: 0x614 - pdb path: .;C:\Program Files\Android\Android Studio1\jbr\bin;C:\WINDOWS\SYSTEM32;C:\WINDOWS\WinSxS\amd64_microsoft.windows.common-controls_6595b64144ccf1df_6.0.22621.3672_none_2713b9d173822955;C:\Program Files\Android\Android Studio1\jbr\bin\server

VM Arguments:
java_command: <unknown>
java_class_path (initial): <not set>
Launcher Type: SUN_STANDARD

[Global flags]
     intx CICompilerCount                          = 4                                         {product} {ergonomic}
     uint ConcGCThreads                            = 3                                         {product} {ergonomic}
     uint G1ConcRefinementThreads                  = 10                                        {product} {ergonomic}
   size_t G1HeapRegionSize                         = 1048576                                   {product} {ergonomic}
    uintx GCDrainStackTargetSize                   = 64                                        {product} {ergonomic}
   size_t InitialHeapSize                          = 123731968                                 {product} {ergonomic}
   size_t MarkStackSize                            = 4194304                                   {product} {ergonomic}
   size_t MaxHeapSize                              = 1967128576                                {product} {ergonomic}
   size_t MinHeapDeltaBytes                        = 1048576                                   {product} {ergonomic}
   size_t MinHeapSize                              = 8388608                                   {product} {ergonomic}
    uintx NonNMethodCodeHeapSize                   = 5839372                                {pd product} {ergonomic}
    uintx NonProfiledCodeHeapSize                  = 122909434                              {pd product} {ergonomic}
    uintx ProfiledCodeHeapSize                     = 122909434                              {pd product} {ergonomic}
    uintx ReservedCodeCacheSize                    = 251658240                              {pd product} {ergonomic}
     bool SegmentedCodeCache                       = true                                      {product} {ergonomic}
   size_t SoftMaxHeapSize                          = 1967128576                             {manageable} {ergonomic}
     bool UseCompressedClassPointers               = true                           {product lp64_product} {ergonomic}
     bool UseCompressedOops                        = true                           {product lp64_product} {ergonomic}
     bool UseG1GC                                  = true                                      {product} {ergonomic}
     bool UseLargePagesIndividualAllocation        = false                                  {pd product} {ergonomic}

Logging:
Log output configuration:
 #0: stdout all=warning uptime,level,tags
 #1: stderr all=off uptime,level,tags

Environment Variables:
PATH=C:\oraclexe\app\oracle\product\11.2.0\server\bin;C:\oraclexe\app\oracle\product\11.2.0\server\bin;C:\WINDOWS\system32;C:\WINDOWS;C:\WINDOWS\System32\Wbem;C:\WINDOWS\System32\WindowsPowerShell\v1.0\;C:\WINDOWS\System32\OpenSSH\;C:\Program Files\Microsoft SQL Server\Client SDK\ODBC\170\Tools\Binn\;C:\Program Files (x86)\Microsoft SQL Server\150\Tools\Binn\;C:\Program Files\Microsoft SQL Server\150\Tools\Binn\;C:\Program Files\Microsoft SQL Server\150\DTS\Binn\;C:\Program Files\Microsoft\Web Platform Installer\;C:\Program Files (x86)\Microsoft ASP.NET\ASP.NET Web Pages\v1.0\;C:\Users\SAI\AppData\Local\Android\Sdk\emulator;C:\Users\SAI\AppData\Local\Android\Sdk\platform-tools;C:\Users\SAI\AppData\Local\Android\Sdk;C:\Users\SAI\AppData\Roaming\npm;C:\WINDOWS\system32;C:\WINDOWS;C:\WINDOWS\System32\Wbem;C:\WINDOWS\System32\WindowsPowerShell\v1.0\;C:\WINDOWS\System32\OpenSSH\;C:\Program Files\Microsoft SQL Server\110\Tools\Binn\;C:\Program Files\Java\jdk-20\bin;C:\Program Files\nodejs\;C:\Program Files\MySQL\MySQL Server 8.0\bin;C:\Program Files\Git\cmd;C:\flutter\bin;C:\dart-sdk\bin;C:\Users\SAI\AppData\Local\Programs\Python\Python38\Scripts\;C:\Users\SAI\AppData\Local\Programs\Python\Python38\;C:\Program Files\MySQL\MySQL Shell 8.0\bin\;C:\Users\SAI\AppData\Local\Microsoft\WindowsApps;C:\Program Files\Azure Data Studio\bin;C:\src\flutter\bin;C:\Users\SAI\Documents\Downloads\jdk-20_windows-x64_bin.exe;C:\Users\SAI\AppData\Roaming\npm;C:\Users\SAI\AppData\Local\Programs\Microsoft VS Code new\bin;C:\flutter\bin;C:\dart-sdk\bin;C:\flutter\bin\mingit\cmd;C:\flutter\bin\mingit\cmd
USERNAME=SAI
OS=Windows_NT
PROCESSOR_IDENTIFIER=AMD64 Family 23 Model 104 Stepping 1, AuthenticAMD
TMP=C:\Users\SAI\AppData\Local\Temp
TEMP=C:\Users\SAI\AppData\Local\Temp



Periodic native trim disabled

JNI global refs:
JNI global refs: 0, weak refs: 0

JNI global refs memory usage: 0, weak refs: 0

OOME stack traces (most recent first):
Classloader memory used:


---------------  S Y S T E M  ---------------

OS:
 Windows 11 , 64 bit Build 22621 (10.0.22621.3958)
OS uptime: 2 days 2:17 hours
Hyper-V role detected

CPU: total 12 (initial active 12) (12 cores per cpu, 2 threads per core) family 23 model 104 stepping 1 microcode 0x0, cx8, cmov, fxsr, ht, mmx, 3dnowpref, sse, sse2, sse3, ssse3, sse4a, sse4.1, sse4.2, popcnt, lzcnt, tsc, tscinvbit, avx, avx2, aes, clmul, bmi1, bmi2, adx, sha, fma, vzeroupper, clflush, clflushopt, hv
Processor Information for all 12 processors :
  Max Mhz: 2100, Current Mhz: 2100, Mhz Limit: 2100

Memory: 4k page, system-wide physical 7502M (617M free)
TotalPageFile size 11174M (AvailPageFile size 5M)
current process WorkingSet (physical memory assigned to process): 11M, peak: 11M
current process commit charge ("private bytes"): 184M, peak: 186M

vm_info: OpenJDK 64-Bit Server VM (17.0.9+0--11185874) for windows-amd64 JRE (17.0.9+0--11185874), built on Dec  6 2023 18:57:44 by "androidbuild" with MS VC++ 16.10 / 16.11 (VS2019)

END.
