#
# There is insufficient memory for the Java Runtime Environment to continue.
# Native memory allocation (mmap) failed to map 123731968 bytes for G1 virtual space
# Possible reasons:
#   The system is out of physical RAM or swap space
#   The process is running with CompressedOops enabled, and the Java Heap may be blocking the growth of the native heap
# Possible solutions:
#   Reduce memory load on the system
#   Increase physical memory or swap space
#   Check if swap backing store is full
#   Decrease Java heap size (-Xmx/-Xms)
#   Decrease number of Java threads
#   Decrease Java thread stack sizes (-Xss)
#   Set larger code cache with -XX:ReservedCodeCacheSize=
#   JVM is running with Unscaled Compressed Oops mode in which the Java heap is
#     placed in the first 4GB address space. The Java Heap base address is the
#     maximum limit for the native heap growth. Please use -XX:HeapBaseMinAddress
#     to set the Java Heap base and to place the Java Heap above 4GB virtual address.
# This output file may be truncated or incomplete.
#
#  Out of Memory Error (os_windows.cpp:3528), pid=12976, tid=15964
#
# JRE version:  (20.0.1+9) (build )
# Java VM: Java HotSpot(TM) 64-Bit Server VM (20.0.1+9-29, mixed mode, sharing, tiered, compressed oops, compressed class ptrs, g1 gc, windows-amd64)
# No core dump will be written. Minidumps are not enabled by default on client versions of Windows
#

---------------  S U M M A R Y ------------

Command Line: 

Host: AMD Ryzen 5 5500U with Radeon Graphics         , 12 cores, 7G,  Windows 11 , 64 bit Build 22621 (10.0.22621.3958)
Time: Sun Sep  8 14:37:25 2024 India Standard Time elapsed time: 0.018795 seconds (0d 0h 0m 0s)

---------------  T H R E A D  ---------------

Current thread (0x000001d9589c2370):  JavaThread "Unknown thread" [_thread_in_vm, id=15964, stack(0x0000001f61f00000,0x0000001f62000000)]

Stack: [0x0000001f61f00000,0x0000001f62000000]
Native frames: (J=compiled Java code, j=interpreted, Vv=VM code, C=native code)
V  [jvm.dll+0x6bb95a]
V  [jvm.dll+0x8485fa]
V  [jvm.dll+0x84a1f5]
V  [jvm.dll+0x84a8f3]
V  [jvm.dll+0x280b0f]
V  [jvm.dll+0x6b86e9]
V  [jvm.dll+0x6ad2da]
V  [jvm.dll+0x35adf5]
V  [jvm.dll+0x363016]
V  [jvm.dll+0x3b3b3e]
V  [jvm.dll+0x3b3dc5]
V  [jvm.dll+0x32b50a]
V  [jvm.dll+0x32c32b]
V  [jvm.dll+0x8112bf]
V  [jvm.dll+0x3c0d91]
V  [jvm.dll+0x7fcfe3]
V  [jvm.dll+0x44c76f]
V  [jvm.dll+0x44e0e1]
C  [jli.dll+0x5287]
C  [ucrtbase.dll+0x29333]
C  [KERNEL32.DLL+0x1257d]
C  [ntdll.dll+0x5af28]


---------------  P R O C E S S  ---------------

Threads class SMR info:
_java_thread_list=0x00007ffd5996a098, length=0, elements={
}

Java Threads: ( => current thread )

Other Threads:
  0x000001d958a1ec60 WorkerThread "GC Thread#0" [stack: 0x0000001f62000000,0x0000001f62100000] [id=16392]
  0x000001d958a2e5f0 ConcurrentGCThread "G1 Main Marker" [stack: 0x0000001f62100000,0x0000001f62200000] [id=3216]
  0x000001d958a2f1c0 WorkerThread "G1 Conc#0" [stack: 0x0000001f62200000,0x0000001f62300000] [id=15472]

[error occurred during error reporting (printing all threads), id 0xc0000005, EXCEPTION_ACCESS_VIOLATION (0xc0000005) at pc=0x00007ffd5914eb47]
VM state: not at safepoint (not fully initialized)

VM Mutex/Monitor currently owned by a thread:  ([mutex/lock_event])
[0x000001d9568aaee0] Heap_lock - owner thread: 0x000001d9589c2370

Heap address: 0x000000008ac00000, size: 1876 MB, Compressed Oops mode: 32-bit

CDS archive(s) mapped at: [0x0000000000000000-0x0000000000000000-0x0000000000000000), size 0, SharedBaseAddress: 0x0000000800000000, ArchiveRelocationMode: 0.
Narrow klass base: 0x0000000000000000, Narrow klass shift: 0, Narrow klass range: 0x0

GC Precious Log:
 CardTable entry size: 512
 Card Set container configuration: InlinePtr #cards 5 size 8 Array Of Cards #cards 12 size 40 Howl #buckets 4 coarsen threshold 1843 Howl Bitmap #cards 512 size 80 coarsen threshold 460 Card regions per heap region 1 cards per card region 2048

Heap:
 garbage-first heap   total 0K, used 0K [0x000000008ac00000, 0x0000000100000000)
  region size 1024K, 0 young (0K), 0 survivors (0K)

[error occurred during error reporting (printing heap information), id 0xc0000005, EXCEPTION_ACCESS_VIOLATION (0xc0000005) at pc=0x00007ffd59523c59]
GC Heap History (0 events):
No events

Dll operation events (1 events):
Event: 0.011 Loaded shared library C:\Program Files\Java\jdk-20\bin\java.dll

Deoptimization events (0 events):
No events

Classes loaded (0 events):
No events

Classes unloaded (0 events):
No events

Classes redefined (0 events):
No events

Internal exceptions (0 events):
No events

VM Operations (0 events):
No events

Events (0 events):
No events


Dynamic libraries:
0x00007ff62c630000 - 0x00007ff62c640000 	C:\Program Files\Java\jdk-20\bin\java.exe
0x00007ffde59f0000 - 0x00007ffde5c07000 	C:\WINDOWS\SYSTEM32\ntdll.dll
0x00007ffde4d10000 - 0x00007ffde4dd4000 	C:\WINDOWS\System32\KERNEL32.DLL
0x00007ffde3370000 - 0x00007ffde371d000 	C:\WINDOWS\System32\KERNELBASE.dll
0x00007ffde2f50000 - 0x00007ffde3061000 	C:\WINDOWS\System32\ucrtbase.dll
0x00007ffdc7930000 - 0x00007ffdc7949000 	C:\Program Files\Java\jdk-20\bin\jli.dll
0x00007ffde38f0000 - 0x00007ffde39a2000 	C:\WINDOWS\System32\ADVAPI32.dll
0x00007ffde4f30000 - 0x00007ffde4fd7000 	C:\WINDOWS\System32\msvcrt.dll
0x00007ffdc0460000 - 0x00007ffdc047b000 	C:\Program Files\Java\jdk-20\bin\VCRUNTIME140.dll
0x00007ffde4b00000 - 0x00007ffde4ba9000 	C:\WINDOWS\System32\sechost.dll
0x00007ffde3340000 - 0x00007ffde3368000 	C:\WINDOWS\System32\bcrypt.dll
0x00007ffde57b0000 - 0x00007ffde58c4000 	C:\WINDOWS\System32\RPCRT4.dll
0x00007ffdc82d0000 - 0x00007ffdc8563000 	C:\WINDOWS\WinSxS\amd64_microsoft.windows.common-controls_6595b64144ccf1df_6.0.22621.3672_none_2713b9d173822955\COMCTL32.dll
0x00007ffde4fe0000 - 0x00007ffde518e000 	C:\WINDOWS\System32\USER32.dll
0x00007ffde2d10000 - 0x00007ffde2d36000 	C:\WINDOWS\System32\win32u.dll
0x00007ffde4970000 - 0x00007ffde4999000 	C:\WINDOWS\System32\GDI32.dll
0x00007ffde3070000 - 0x00007ffde3189000 	C:\WINDOWS\System32\gdi32full.dll
0x00007ffde2eb0000 - 0x00007ffde2f4a000 	C:\WINDOWS\System32\msvcp_win.dll
0x00007ffdd9280000 - 0x00007ffdd928a000 	C:\WINDOWS\SYSTEM32\VERSION.dll
0x00007ffde4cd0000 - 0x00007ffde4d01000 	C:\WINDOWS\System32\IMM32.DLL
0x00007ffddb710000 - 0x00007ffddb71c000 	C:\Program Files\Java\jdk-20\bin\vcruntime140_1.dll
0x00007ffd94680000 - 0x00007ffd9470e000 	C:\Program Files\Java\jdk-20\bin\msvcp140.dll
0x00007ffd58e10000 - 0x00007ffd59aa7000 	C:\Program Files\Java\jdk-20\bin\server\jvm.dll
0x00007ffdc31f0000 - 0x00007ffdc31f9000 	C:\WINDOWS\SYSTEM32\WSOCK32.dll
0x00007ffdde600000 - 0x00007ffdde634000 	C:\WINDOWS\SYSTEM32\WINMM.dll
0x00007ffde4730000 - 0x00007ffde47a1000 	C:\WINDOWS\System32\WS2_32.dll
0x00007ffde1d40000 - 0x00007ffde1d58000 	C:\WINDOWS\SYSTEM32\kernel.appcore.dll
0x00007ffdc7920000 - 0x00007ffdc792a000 	C:\Program Files\Java\jdk-20\bin\jimage.dll
0x00007ffddb840000 - 0x00007ffddba72000 	C:\WINDOWS\SYSTEM32\DBGHELP.DLL
0x00007ffde3ab0000 - 0x00007ffde3e3d000 	C:\WINDOWS\System32\combase.dll
0x00007ffde58d0000 - 0x00007ffde59a7000 	C:\WINDOWS\System32\OLEAUT32.dll
0x00007ffdcba40000 - 0x00007ffdcba72000 	C:\WINDOWS\SYSTEM32\dbgcore.DLL
0x00007ffde3190000 - 0x00007ffde320b000 	C:\WINDOWS\System32\bcryptPrimitives.dll
0x00007ffda6910000 - 0x00007ffda6936000 	C:\Program Files\Java\jdk-20\bin\java.dll

dbghelp: loaded successfully - version: 4.0.5 - missing functions: none
symbol engine: initialized successfully - sym options: 0x614 - pdb path: .;C:\Program Files\Java\jdk-20\bin;C:\WINDOWS\SYSTEM32;C:\WINDOWS\WinSxS\amd64_microsoft.windows.common-controls_6595b64144ccf1df_6.0.22621.3672_none_2713b9d173822955;C:\Program Files\Java\jdk-20\bin\server

VM Arguments:
java_command: <unknown>
java_class_path (initial): <not set>
Launcher Type: SUN_STANDARD

[Global flags]
     intx CICompilerCount                          = 4                                         {product} {ergonomic}
     uint ConcGCThreads                            = 3                                         {product} {ergonomic}
     uint G1ConcRefinementThreads                  = 10                                        {product} {ergonomic}
   size_t G1HeapRegionSize                         = 1048576                                   {product} {ergonomic}
    uintx GCDrainStackTargetSize                   = 64                                        {product} {ergonomic}
   size_t InitialHeapSize                          = 123731968                                 {product} {ergonomic}
   size_t MarkStackSize                            = 4194304                                   {product} {ergonomic}
   size_t MaxHeapSize                              = 1967128576                                {product} {ergonomic}
   size_t MinHeapDeltaBytes                        = 1048576                                   {product} {ergonomic}
   size_t MinHeapSize                              = 8388608                                   {product} {ergonomic}
    uintx NonNMethodCodeHeapSize                   = 5839372                                {pd product} {ergonomic}
    uintx NonProfiledCodeHeapSize                  = 122909434                              {pd product} {ergonomic}
    uintx ProfiledCodeHeapSize                     = 122909434                              {pd product} {ergonomic}
    uintx ReservedCodeCacheSize                    = 251658240                              {pd product} {ergonomic}
     bool SegmentedCodeCache                       = true                                      {product} {ergonomic}
   size_t SoftMaxHeapSize                          = 1967128576                             {manageable} {ergonomic}
     bool UseCompressedClassPointers               = true                           {product lp64_product} {ergonomic}
     bool UseCompressedOops                        = true                           {product lp64_product} {ergonomic}
     bool UseG1GC                                  = true                                      {product} {ergonomic}
     bool UseLargePagesIndividualAllocation        = false                                  {pd product} {ergonomic}

Logging:
Log output configuration:
 #0: stdout all=warning uptime,level,tags foldmultilines=false
 #1: stderr all=off uptime,level,tags foldmultilines=false

Environment Variables:
PATH=C:\Program Files\Java\jdk-20\bin;C:\oraclexe\app\oracle\product\11.2.0\server\bin;C:\oraclexe\app\oracle\product\11.2.0\server\bin;C:\WINDOWS\system32;C:\WINDOWS;C:\WINDOWS\System32\Wbem;C:\WINDOWS\System32\WindowsPowerShell\v1.0\;C:\WINDOWS\System32\OpenSSH\;C:\Program Files\Microsoft SQL Server\Client SDK\ODBC\170\Tools\Binn\;C:\Program Files (x86)\Microsoft SQL Server\150\Tools\Binn\;C:\Program Files\Microsoft SQL Server\150\Tools\Binn\;C:\Program Files\Microsoft SQL Server\150\DTS\Binn\;C:\Program Files\Microsoft\Web Platform Installer\;C:\Program Files (x86)\Microsoft ASP.NET\ASP.NET Web Pages\v1.0\;C:\Users\SAI\AppData\Local\Android\Sdk\emulator;C:\Users\SAI\AppData\Local\Android\Sdk\platform-tools;C:\Users\SAI\AppData\Local\Android\Sdk;C:\Users\SAI\AppData\Roaming\npm;C:\WINDOWS\system32;C:\WINDOWS;C:\WINDOWS\System32\Wbem;C:\WINDOWS\System32\WindowsPowerShell\v1.0\;C:\WINDOWS\System32\OpenSSH\;C:\Program Files\Microsoft SQL Server\110\Tools\Binn\;C:\Program Files\Java\jdk-20\bin;C:\Program Files\nodejs\;C:\Program Files\MySQL\MySQL Server 8.0\bin;C:\Program Files\Git\cmd;C:\flutter\bin;C:\dart-sdk\bin;C:\Users\SAI\AppData\Local\Programs\Python\Python38\Scripts\;C:\Users\SAI\AppData\Local\Programs\Python\Python38\;C:\Program Files\MySQL\MySQL Shell 8.0\bin\;C:\Users\SAI\AppData\Local\Microsoft\WindowsApps;C:\Program Files\Azure Data Studio\bin;C:\src\flutter\bin;C:\Users\SAI\Documents\Downloads\jdk-20_windows-x64_bin.exe;C:\Users\SAI\AppData\Roaming\npm;C:\Users\SAI\AppData\Local\Programs\Microsoft VS Code new\bin;C:\flutter\bin;C:\dart-sdk\bin;C:\flutter\bin\mingit\cmd;C:\flutter\bin\mingit\cmd
USERNAME=SAI
OS=Windows_NT
PROCESSOR_IDENTIFIER=AMD64 Family 23 Model 104 Stepping 1, AuthenticAMD
TMP=C:\Users\SAI\AppData\Local\Temp
TEMP=C:\Users\SAI\AppData\Local\Temp




---------------  S Y S T E M  ---------------

OS:
 Windows 11 , 64 bit Build 22621 (10.0.22621.3958)
OS uptime: 2 days 2:17 hours
Hyper-V role detected

CPU: total 12 (initial active 12) (12 cores per cpu, 2 threads per core) family 23 model 104 stepping 1 microcode 0x0, cx8, cmov, fxsr, ht, mmx, 3dnowpref, sse, sse2, sse3, ssse3, sse4a, sse4.1, sse4.2, popcnt, lzcnt, tsc, tscinvbit, avx, avx2, aes, clmul, bmi1, bmi2, adx, sha, fma, vzeroupper, clflush, clflushopt, hv, rdtscp, rdpid, f16c

Memory: 4k page, system-wide physical 7502M (562M free)
TotalPageFile size 11174M (AvailPageFile size 77M)
current process WorkingSet (physical memory assigned to process): 11M, peak: 11M
current process commit charge ("private bytes"): 64M, peak: 182M

vm_info: Java HotSpot(TM) 64-Bit Server VM (20.0.1+9-29) for windows-amd64 JRE (20.0.1+9-29), built on 2023-03-07T13:56:11Z by "mach5one" with MS VC++ 17.1 (VS2022)

END.
